mode: set
github.com/illumio/cloud-operator/internal/controller/stream/flows/cilium/client.go:27.55,31.27 2 0
github.com/illumio/cloud-operator/internal/controller/stream/flows/cilium/client.go:31.27,33.3 1 0
github.com/illumio/cloud-operator/internal/controller/stream/flows/cilium/client.go:35.2,36.16 2 0
github.com/illumio/cloud-operator/internal/controller/stream/flows/cilium/client.go:36.16,40.29 2 0
github.com/illumio/cloud-operator/internal/controller/stream/flows/cilium/client.go:40.29,44.4 2 0
github.com/illumio/cloud-operator/internal/controller/stream/flows/cilium/client.go:46.3,46.13 1 0
github.com/illumio/cloud-operator/internal/controller/stream/flows/cilium/client.go:49.2,49.32 1 0
github.com/illumio/cloud-operator/internal/controller/stream/flows/cilium/client.go:49.32,53.3 2 0
github.com/illumio/cloud-operator/internal/controller/stream/flows/cilium/client.go:55.2,56.16 2 0
github.com/illumio/cloud-operator/internal/controller/stream/flows/cilium/client.go:56.16,57.99 1 0
github.com/illumio/cloud-operator/internal/controller/stream/flows/cilium/client.go:57.99,59.4 1 0
github.com/illumio/cloud-operator/internal/controller/stream/flows/cilium/client.go:59.9,61.4 1 0
github.com/illumio/cloud-operator/internal/controller/stream/flows/cilium/client.go:63.3,65.13 2 0
github.com/illumio/cloud-operator/internal/controller/stream/flows/cilium/client.go:68.2,68.12 1 0
github.com/illumio/cloud-operator/internal/controller/stream/flows/cilium/client.go:72.64,73.9 1 1
github.com/illumio/cloud-operator/internal/controller/stream/flows/cilium/client.go:74.53,76.36 2 1
github.com/illumio/cloud-operator/internal/controller/stream/flows/cilium/client.go:77.51,79.35 2 1
github.com/illumio/cloud-operator/internal/controller/stream/flows/cilium/client.go:80.10,81.125 1 1
github.com/illumio/cloud-operator/internal/controller/stream/flows/cilium/client.go:86.40,88.2 1 1
github.com/illumio/cloud-operator/internal/controller/stream/flows/cilium/factory.go:30.74,38.2 1 1
github.com/illumio/cloud-operator/internal/controller/stream/deadlock.go:19.46,24.16 4 1
github.com/illumio/cloud-operator/internal/controller/stream/deadlock.go:24.16,26.3 1 1
github.com/illumio/cloud-operator/internal/controller/stream/deadlock.go:30.29,34.86 3 1
github.com/illumio/cloud-operator/internal/controller/stream/deadlock.go:34.86,36.3 1 1
github.com/illumio/cloud-operator/internal/controller/stream/deadlock.go:38.2,38.13 1 1
github.com/illumio/cloud-operator/internal/controller/stream/manager.go:53.3,58.35 3 1
github.com/illumio/cloud-operator/internal/controller/stream/manager.go:58.35,59.10 1 1
github.com/illumio/cloud-operator/internal/controller/stream/manager.go:60.21,61.25 1 0
github.com/illumio/cloud-operator/internal/controller/stream/manager.go:62.11,63.84 1 1
github.com/illumio/cloud-operator/internal/controller/stream/manager.go:67.2,67.34 1 1
github.com/illumio/cloud-operator/internal/controller/stream/manager.go:67.34,77.3 1 1
github.com/illumio/cloud-operator/internal/controller/stream/manager.go:79.2,79.42 1 1
github.com/illumio/cloud-operator/internal/controller/stream/manager.go:79.42,89.3 1 1
github.com/illumio/cloud-operator/internal/controller/stream/manager.go:91.2,92.16 2 1
github.com/illumio/cloud-operator/internal/controller/stream/manager.go:92.16,93.37 1 1
github.com/illumio/cloud-operator/internal/controller/stream/manager.go:93.37,97.4 2 1
github.com/illumio/cloud-operator/internal/controller/stream/manager.go:99.3,99.98 1 0
github.com/illumio/cloud-operator/internal/controller/stream/manager.go:110.9,115.16 4 1
github.com/illumio/cloud-operator/internal/controller/stream/manager.go:115.16,119.3 2 1
github.com/illumio/cloud-operator/internal/controller/stream/manager.go:120.2,123.12 2 1
github.com/illumio/cloud-operator/internal/controller/stream/manager.go:123.12,127.7 3 1
github.com/illumio/cloud-operator/internal/controller/stream/manager.go:127.7,128.11 1 1
github.com/illumio/cloud-operator/internal/controller/stream/manager.go:129.28,130.11 1 1
github.com/illumio/cloud-operator/internal/controller/stream/manager.go:131.20,132.59 1 1
github.com/illumio/cloud-operator/internal/controller/stream/manager.go:132.59,137.6 3 1
github.com/illumio/cloud-operator/internal/controller/stream/manager.go:143.2,143.30 1 1
github.com/illumio/cloud-operator/internal/controller/stream/manager.go:152.3,156.6 3 0
github.com/illumio/cloud-operator/internal/controller/stream/manager.go:156.6,162.10 4 0
github.com/illumio/cloud-operator/internal/controller/stream/manager.go:163.21,166.10 2 0
github.com/illumio/cloud-operator/internal/controller/stream/manager.go:168.23,169.70 1 0
github.com/illumio/cloud-operator/internal/controller/stream/manager.go:172.3,176.88 2 0
github.com/illumio/cloud-operator/internal/controller/stream/manager.go:187.10,193.16 4 0
github.com/illumio/cloud-operator/internal/controller/stream/manager.go:193.16,197.3 2 0
github.com/illumio/cloud-operator/internal/controller/stream/manager.go:198.2,206.45 4 0
github.com/illumio/cloud-operator/internal/controller/stream/manager.go:206.45,207.24 1 0
github.com/illumio/cloud-operator/internal/controller/stream/manager.go:207.24,208.12 1 0
github.com/illumio/cloud-operator/internal/controller/stream/manager.go:211.3,220.4 3 0
github.com/illumio/cloud-operator/internal/controller/stream/manager.go:223.2,228.39 3 0
github.com/illumio/cloud-operator/internal/controller/stream/manager.go:228.39,229.48 1 0
github.com/illumio/cloud-operator/internal/controller/stream/manager.go:229.48,232.11 2 0
github.com/illumio/cloud-operator/internal/controller/stream/manager.go:233.49,233.49 0 0
github.com/illumio/cloud-operator/internal/controller/stream/manager.go:234.12,234.12 0 0
github.com/illumio/cloud-operator/internal/controller/stream/manager.go:239.2,239.12 1 0
github.com/illumio/cloud-operator/internal/controller/stream/manager.go:239.12,242.10 2 0
github.com/illumio/cloud-operator/internal/controller/stream/manager.go:243.42,243.42 0 0
github.com/illumio/cloud-operator/internal/controller/stream/manager.go:244.11,244.11 0 0
github.com/illumio/cloud-operator/internal/controller/stream/manager.go:248.2,248.17 1 0
github.com/illumio/cloud-operator/internal/controller/stream/manager.go:252.115,254.16 2 0
github.com/illumio/cloud-operator/internal/controller/stream/manager.go:254.16,256.3 1 0
github.com/illumio/cloud-operator/internal/controller/stream/manager.go:258.2,270.16 4 0
github.com/illumio/cloud-operator/internal/controller/stream/manager.go:270.16,272.3 1 0
github.com/illumio/cloud-operator/internal/controller/stream/manager.go:274.2,275.16 2 0
github.com/illumio/cloud-operator/internal/controller/stream/manager.go:275.16,279.3 2 0
github.com/illumio/cloud-operator/internal/controller/stream/manager.go:281.2,281.18 1 0
github.com/illumio/cloud-operator/internal/controller/stream/retry.go:34.72,42.2 6 1
github.com/illumio/cloud-operator/internal/controller/stream/retry.go:47.54,48.19 1 1
github.com/illumio/cloud-operator/internal/controller/stream/retry.go:48.19,50.3 1 1
github.com/illumio/cloud-operator/internal/controller/stream/retry.go:52.2,52.19 1 1
github.com/illumio/cloud-operator/internal/controller/stream/retry.go:52.19,54.3 1 1
github.com/illumio/cloud-operator/internal/controller/stream/retry.go:56.2,56.12 1 1
github.com/illumio/cloud-operator/internal/controller/stream/retry.go:66.64,75.22 3 1
github.com/illumio/cloud-operator/internal/controller/stream/retry.go:75.22,79.17 3 1
github.com/illumio/cloud-operator/internal/controller/stream/retry.go:79.17,82.12 2 1
github.com/illumio/cloud-operator/internal/controller/stream/retry.go:86.3,86.37 1 1
github.com/illumio/cloud-operator/internal/controller/stream/retry.go:86.37,90.4 2 1
github.com/illumio/cloud-operator/internal/controller/stream/retry.go:92.3,92.44 1 1
github.com/illumio/cloud-operator/internal/controller/stream/retry.go:92.44,93.64 1 0
github.com/illumio/cloud-operator/internal/controller/stream/retry.go:93.64,95.5 1 0
github.com/illumio/cloud-operator/internal/controller/stream/retry.go:98.3,101.15 3 1
github.com/illumio/cloud-operator/internal/controller/stream/retry.go:101.15,103.4 1 1
github.com/illumio/cloud-operator/internal/controller/stream/retry.go:105.3,111.16 2 1
github.com/illumio/cloud-operator/internal/controller/stream/retry.go:111.16,114.12 2 1
github.com/illumio/cloud-operator/internal/controller/stream/retry.go:117.3,119.62 2 1
github.com/illumio/cloud-operator/internal/controller/stream/retry.go:122.2,122.48 1 0
github.com/illumio/cloud-operator/internal/controller/stream/retry.go:125.39,126.18 1 1
github.com/illumio/cloud-operator/internal/controller/stream/retry.go:126.18,134.3 6 1
github.com/illumio/cloud-operator/internal/controller/stream/retry.go:137.41,140.2 2 1
github.com/illumio/cloud-operator/internal/controller/stream/retry.go:142.43,145.2 2 0
github.com/illumio/cloud-operator/internal/controller/stream/retry.go:147.43,150.2 2 1
github.com/illumio/cloud-operator/internal/controller/stream/retry.go:152.32,156.2 3 1
github.com/illumio/cloud-operator/internal/controller/stream/stats.go:22.24,24.2 1 1
github.com/illumio/cloud-operator/internal/controller/stream/stats.go:27.42,29.2 1 1
github.com/illumio/cloud-operator/internal/controller/stream/stats.go:32.51,34.2 1 1
github.com/illumio/cloud-operator/internal/controller/stream/stats.go:37.46,39.2 1 1
github.com/illumio/cloud-operator/internal/controller/stream/stats.go:42.81,48.2 4 1
github.com/illumio/cloud-operator/internal/controller/stream/stats.go:51.100,52.35 1 1
github.com/illumio/cloud-operator/internal/controller/stream/stats.go:52.35,54.3 1 1
github.com/illumio/cloud-operator/internal/controller/stream/stats.go:56.2,56.17 1 1
github.com/illumio/cloud-operator/internal/controller/stream/stats.go:56.17,60.3 2 1
github.com/illumio/cloud-operator/internal/controller/stream/stats.go:62.2,62.12 1 1
github.com/illumio/cloud-operator/internal/controller/stream/stats.go:62.12,68.7 4 1
github.com/illumio/cloud-operator/internal/controller/stream/stats.go:68.7,69.11 1 1
github.com/illumio/cloud-operator/internal/controller/stream/stats.go:70.22,73.11 2 1
github.com/illumio/cloud-operator/internal/controller/stream/stats.go:74.20,81.6 2 1
github.com/illumio/cloud-operator/internal/controller/stream/logs/client.go:30.53,34.6 2 1
github.com/illumio/cloud-operator/internal/controller/stream/logs/client.go:34.6,35.10 1 1
github.com/illumio/cloud-operator/internal/controller/stream/logs/client.go:36.21,37.20 1 1
github.com/illumio/cloud-operator/internal/controller/stream/logs/client.go:38.11,38.11 0 1
github.com/illumio/cloud-operator/internal/controller/stream/logs/client.go:41.3,42.29 2 1
github.com/illumio/cloud-operator/internal/controller/stream/logs/client.go:42.29,46.4 2 1
github.com/illumio/cloud-operator/internal/controller/stream/logs/client.go:48.3,48.17 1 1
github.com/illumio/cloud-operator/internal/controller/stream/logs/client.go:48.17,52.4 2 1
github.com/illumio/cloud-operator/internal/controller/stream/logs/client.go:58.61,61.2 1 1
github.com/illumio/cloud-operator/internal/controller/stream/logs/client.go:64.36,68.2 2 1
github.com/illumio/cloud-operator/internal/controller/stream/logs/factory.go:27.120,31.16 3 0
github.com/illumio/cloud-operator/internal/controller/stream/logs/factory.go:31.16,35.3 2 0
github.com/illumio/cloud-operator/internal/controller/stream/logs/factory.go:40.2,41.9 2 0
github.com/illumio/cloud-operator/internal/controller/stream/logs/factory.go:41.9,45.3 2 0
github.com/illumio/cloud-operator/internal/controller/stream/logs/factory.go:48.2,57.8 3 0
github.com/illumio/cloud-operator/internal/controller/stream/logs/factory.go:61.33,63.2 1 1
github.com/illumio/cloud-operator/internal/controller/stream/flows/client.go:39.61,41.12 1 1
github.com/illumio/cloud-operator/internal/controller/stream/flows/client.go:41.12,42.56 1 1
github.com/illumio/cloud-operator/internal/controller/stream/flows/client.go:42.56,44.4 1 1
github.com/illumio/cloud-operator/internal/controller/stream/flows/client.go:48.2,48.6 1 1
github.com/illumio/cloud-operator/internal/controller/stream/flows/client.go:48.6,49.10 1 1
github.com/illumio/cloud-operator/internal/controller/stream/flows/client.go:50.21,51.20 1 1
github.com/illumio/cloud-operator/internal/controller/stream/flows/client.go:52.43,53.11 1 1
github.com/illumio/cloud-operator/internal/controller/stream/flows/client.go:53.11,56.5 1 1
github.com/illumio/cloud-operator/internal/controller/stream/flows/client.go:58.4,59.18 2 1
github.com/illumio/cloud-operator/internal/controller/stream/flows/client.go:59.18,61.5 1 1
github.com/illumio/cloud-operator/internal/controller/stream/flows/client.go:63.4,63.45 1 1
github.com/illumio/cloud-operator/internal/controller/stream/flows/client.go:69.69,72.26 2 1
github.com/illumio/cloud-operator/internal/controller/stream/flows/client.go:73.25,78.4 1 1
github.com/illumio/cloud-operator/internal/controller/stream/flows/client.go:79.22,84.4 1 1
github.com/illumio/cloud-operator/internal/controller/stream/flows/client.go:85.10,86.55 1 0
github.com/illumio/cloud-operator/internal/controller/stream/flows/client.go:89.2,92.14 3 1
github.com/illumio/cloud-operator/internal/controller/stream/flows/client.go:92.14,94.3 1 0
github.com/illumio/cloud-operator/internal/controller/stream/flows/client.go:96.2,96.51 1 1
github.com/illumio/cloud-operator/internal/controller/stream/flows/client.go:96.51,100.3 2 1
github.com/illumio/cloud-operator/internal/controller/stream/flows/client.go:102.2,102.12 1 1
github.com/illumio/cloud-operator/internal/controller/stream/flows/client.go:106.69,110.14 3 1
github.com/illumio/cloud-operator/internal/controller/stream/flows/client.go:110.14,112.3 1 1
github.com/illumio/cloud-operator/internal/controller/stream/flows/client.go:114.2,119.16 2 1
github.com/illumio/cloud-operator/internal/controller/stream/flows/client.go:119.16,123.3 2 1
github.com/illumio/cloud-operator/internal/controller/stream/flows/client.go:125.2,125.12 1 1
github.com/illumio/cloud-operator/internal/controller/stream/flows/client.go:129.44,136.2 4 1
github.com/illumio/cloud-operator/internal/controller/stream/flows/detect.go:30.132,32.16 2 1
github.com/illumio/cloud-operator/internal/controller/stream/flows/detect.go:32.16,34.3 1 1
github.com/illumio/cloud-operator/internal/controller/stream/flows/detect.go:36.2,36.57 1 1
github.com/illumio/cloud-operator/internal/controller/stream/flows/detect.go:40.52,41.27 1 1
github.com/illumio/cloud-operator/internal/controller/stream/flows/detect.go:41.27,43.3 1 1
github.com/illumio/cloud-operator/internal/controller/stream/flows/detect.go:45.2,45.24 1 1
github.com/illumio/cloud-operator/internal/controller/stream/flows/detect.go:58.84,60.2 1 0
github.com/illumio/cloud-operator/internal/controller/stream/flows/detect.go:62.63,64.2 1 1
github.com/illumio/cloud-operator/internal/controller/stream/flows/detect.go:66.71,68.2 1 1
github.com/illumio/cloud-operator/internal/controller/stream/flows/detect.go:70.46,72.2 1 1
github.com/illumio/cloud-operator/internal/controller/stream/flows/detect.go:76.116,82.25 4 0
github.com/illumio/cloud-operator/internal/controller/stream/flows/detect.go:82.25,84.3 1 0
github.com/illumio/cloud-operator/internal/controller/stream/flows/detect.go:87.2,87.104 1 0
github.com/illumio/cloud-operator/internal/controller/stream/flows/detect.go:87.104,100.126 3 0
github.com/illumio/cloud-operator/internal/controller/stream/flows/detect.go:100.126,102.4 1 0
github.com/illumio/cloud-operator/internal/controller/stream/flows/detect.go:106.2,106.83 1 0
github.com/illumio/cloud-operator/internal/controller/stream/flows/detect.go:106.83,115.123 3 0
github.com/illumio/cloud-operator/internal/controller/stream/flows/detect.go:115.123,117.4 1 0
github.com/illumio/cloud-operator/internal/controller/stream/flows/detect.go:121.2,128.123 3 0
github.com/illumio/cloud-operator/internal/controller/stream/flows/detect.go:128.123,130.3 1 0
github.com/illumio/cloud-operator/internal/controller/stream/flows/factory.go:27.132,31.16 3 0
github.com/illumio/cloud-operator/internal/controller/stream/flows/factory.go:31.16,35.3 2 0
github.com/illumio/cloud-operator/internal/controller/stream/flows/factory.go:37.2,42.8 1 0
github.com/illumio/cloud-operator/internal/controller/stream/flows/factory.go:46.45,48.2 1 1
github.com/illumio/cloud-operator/internal/controller/stream/flows/flows.go:24.78,26.2 1 1
github.com/illumio/cloud-operator/internal/controller/stream/flows/flows.go:29.52,31.2 1 1
github.com/illumio/cloud-operator/internal/controller/stream/flows/flows.go:34.91,39.2 1 1
github.com/illumio/cloud-operator/internal/controller/stream/flows/falco/client.go:23.54,30.6 4 1
github.com/illumio/cloud-operator/internal/controller/stream/flows/falco/client.go:30.6,31.10 1 1
github.com/illumio/cloud-operator/internal/controller/stream/flows/falco/client.go:32.21,33.20 1 1
github.com/illumio/cloud-operator/internal/controller/stream/flows/falco/client.go:34.42,35.11 1 0
github.com/illumio/cloud-operator/internal/controller/stream/flows/falco/client.go:35.11,38.5 1 0
github.com/illumio/cloud-operator/internal/controller/stream/flows/falco/client.go:40.4,40.50 1 0
github.com/illumio/cloud-operator/internal/controller/stream/flows/falco/client.go:40.50,41.13 1 0
github.com/illumio/cloud-operator/internal/controller/stream/flows/falco/client.go:44.4,45.22 2 0
github.com/illumio/cloud-operator/internal/controller/stream/flows/falco/client.go:45.22,46.13 1 0
github.com/illumio/cloud-operator/internal/controller/stream/flows/falco/client.go:49.4,50.37 2 0
github.com/illumio/cloud-operator/internal/controller/stream/flows/falco/client.go:50.37,51.13 1 0
github.com/illumio/cloud-operator/internal/controller/stream/flows/falco/client.go:52.10,52.25 1 0
github.com/illumio/cloud-operator/internal/controller/stream/flows/falco/client.go:52.25,56.5 2 0
github.com/illumio/cloud-operator/internal/controller/stream/flows/falco/client.go:58.4,59.18 2 0
github.com/illumio/cloud-operator/internal/controller/stream/flows/falco/client.go:59.18,63.5 2 0
github.com/illumio/cloud-operator/internal/controller/stream/flows/falco/client.go:65.4,65.39 1 0
github.com/illumio/cloud-operator/internal/controller/stream/flows/falco/factory.go:26.74,31.2 1 1
github.com/illumio/cloud-operator/internal/controller/stream/flows/falco/server.go:28.100,40.12 4 1
github.com/illumio/cloud-operator/internal/controller/stream/flows/falco/server.go:40.12,46.17 4 1
github.com/illumio/cloud-operator/internal/controller/stream/flows/falco/server.go:46.17,47.40 1 0
github.com/illumio/cloud-operator/internal/controller/stream/flows/falco/server.go:47.40,51.5 2 0
github.com/illumio/cloud-operator/internal/controller/stream/flows/falco/server.go:53.4,53.100 1 0
github.com/illumio/cloud-operator/internal/controller/stream/flows/falco/server.go:56.3,59.58 3 1
github.com/illumio/cloud-operator/internal/controller/stream/flows/falco/server.go:59.58,61.4 1 0
github.com/illumio/cloud-operator/internal/controller/stream/flows/falco/server.go:64.2,64.15 1 1
github.com/illumio/cloud-operator/internal/controller/stream/flows/ovnk/client.go:21.53,25.16 3 0
github.com/illumio/cloud-operator/internal/controller/stream/flows/ovnk/client.go:25.16,29.3 2 0
github.com/illumio/cloud-operator/internal/controller/stream/flows/ovnk/client.go:31.2,31.12 1 0
github.com/illumio/cloud-operator/internal/controller/stream/flows/ovnk/factory.go:27.74,33.2 1 1
github.com/illumio/cloud-operator/internal/controller/stream/config/client.go:39.55,40.6 1 1
github.com/illumio/cloud-operator/internal/controller/stream/config/client.go:40.6,41.10 1 1
github.com/illumio/cloud-operator/internal/controller/stream/config/client.go:42.21,43.20 1 1
github.com/illumio/cloud-operator/internal/controller/stream/config/client.go:44.11,44.11 0 1
github.com/illumio/cloud-operator/internal/controller/stream/config/client.go:47.3,48.29 2 1
github.com/illumio/cloud-operator/internal/controller/stream/config/client.go:48.29,52.4 2 1
github.com/illumio/cloud-operator/internal/controller/stream/config/client.go:54.3,54.17 1 1
github.com/illumio/cloud-operator/internal/controller/stream/config/client.go:54.17,58.4 2 1
github.com/illumio/cloud-operator/internal/controller/stream/config/client.go:60.3,60.29 1 1
github.com/illumio/cloud-operator/internal/controller/stream/config/client.go:65.85,66.45 1 1
github.com/illumio/cloud-operator/internal/controller/stream/config/client.go:67.63,72.25 2 1
github.com/illumio/cloud-operator/internal/controller/stream/config/client.go:72.25,75.4 2 1
github.com/illumio/cloud-operator/internal/controller/stream/config/client.go:75.9,77.4 1 1
github.com/illumio/cloud-operator/internal/controller/stream/config/client.go:78.10,79.84 1 1
github.com/illumio/cloud-operator/internal/controller/stream/config/client.go:84.63,88.14 3 1
github.com/illumio/cloud-operator/internal/controller/stream/config/client.go:88.14,90.3 1 1
github.com/illumio/cloud-operator/internal/controller/stream/config/client.go:92.2,97.16 2 1
github.com/illumio/cloud-operator/internal/controller/stream/config/client.go:97.16,101.3 2 1
github.com/illumio/cloud-operator/internal/controller/stream/config/client.go:103.2,103.12 1 1
github.com/illumio/cloud-operator/internal/controller/stream/config/client.go:107.38,114.2 4 1
github.com/illumio/cloud-operator/internal/controller/stream/config/factory.go:27.120,31.16 3 0
github.com/illumio/cloud-operator/internal/controller/stream/config/factory.go:31.16,35.3 2 0
github.com/illumio/cloud-operator/internal/controller/stream/config/factory.go:37.2,42.8 1 0
github.com/illumio/cloud-operator/internal/controller/stream/config/factory.go:46.33,48.2 1 1
github.com/illumio/cloud-operator/internal/controller/stream/resources/client.go:46.58,47.15 1 0
github.com/illumio/cloud-operator/internal/controller/stream/resources/client.go:47.15,49.3 1 0
github.com/illumio/cloud-operator/internal/controller/stream/resources/client.go:51.2,55.16 4 0
github.com/illumio/cloud-operator/internal/controller/stream/resources/client.go:55.16,59.3 2 0
github.com/illumio/cloud-operator/internal/controller/stream/resources/client.go:61.2,64.16 3 0
github.com/illumio/cloud-operator/internal/controller/stream/resources/client.go:64.16,68.3 2 0
github.com/illumio/cloud-operator/internal/controller/stream/resources/client.go:70.2,74.73 4 0
github.com/illumio/cloud-operator/internal/controller/stream/resources/client.go:74.73,77.10 2 0
github.com/illumio/cloud-operator/internal/controller/stream/resources/client.go:78.21,79.20 1 0
github.com/illumio/cloud-operator/internal/controller/stream/resources/client.go:80.11,80.11 0 0
github.com/illumio/cloud-operator/internal/controller/stream/resources/client.go:83.3,95.17 4 0
github.com/illumio/cloud-operator/internal/controller/stream/resources/client.go:95.17,96.34 1 0
github.com/illumio/cloud-operator/internal/controller/stream/resources/client.go:96.34,99.13 2 0
github.com/illumio/cloud-operator/internal/controller/stream/resources/client.go:102.4,102.14 1 0
github.com/illumio/cloud-operator/internal/controller/stream/resources/client.go:105.3,109.5 1 0
github.com/illumio/cloud-operator/internal/controller/stream/resources/client.go:112.2,113.16 2 0
github.com/illumio/cloud-operator/internal/controller/stream/resources/client.go:113.16,117.3 2 0
github.com/illumio/cloud-operator/internal/controller/stream/resources/client.go:119.2,127.37 6 0
github.com/illumio/cloud-operator/internal/controller/stream/resources/client.go:127.37,132.47 3 0
github.com/illumio/cloud-operator/internal/controller/stream/resources/client.go:132.47,136.4 2 0
github.com/illumio/cloud-operator/internal/controller/stream/resources/client.go:139.2,141.12 2 0
github.com/illumio/cloud-operator/internal/controller/stream/resources/client.go:141.12,144.3 2 0
github.com/illumio/cloud-operator/internal/controller/stream/resources/client.go:146.2,146.6 1 0
github.com/illumio/cloud-operator/internal/controller/stream/resources/client.go:146.6,147.10 1 0
github.com/illumio/cloud-operator/internal/controller/stream/resources/client.go:148.21,149.20 1 0
github.com/illumio/cloud-operator/internal/controller/stream/resources/client.go:150.39,151.11 1 0
github.com/illumio/cloud-operator/internal/controller/stream/resources/client.go:151.11,153.5 1 0
github.com/illumio/cloud-operator/internal/controller/stream/resources/client.go:155.4,162.18 3 0
github.com/illumio/cloud-operator/internal/controller/stream/resources/client.go:162.18,164.5 1 0
github.com/illumio/cloud-operator/internal/controller/stream/resources/client.go:166.4,166.40 1 0
github.com/illumio/cloud-operator/internal/controller/stream/resources/client.go:172.66,176.14 3 1
github.com/illumio/cloud-operator/internal/controller/stream/resources/client.go:176.14,178.3 1 1
github.com/illumio/cloud-operator/internal/controller/stream/resources/client.go:180.2,185.16 2 1
github.com/illumio/cloud-operator/internal/controller/stream/resources/client.go:185.16,189.3 2 1
github.com/illumio/cloud-operator/internal/controller/stream/resources/client.go:191.2,191.12 1 1
github.com/illumio/cloud-operator/internal/controller/stream/resources/client.go:195.41,202.2 4 1
github.com/illumio/cloud-operator/internal/controller/stream/resources/client.go:205.90,209.14 3 1
github.com/illumio/cloud-operator/internal/controller/stream/resources/client.go:209.14,211.3 1 1
github.com/illumio/cloud-operator/internal/controller/stream/resources/client.go:213.2,213.51 1 1
github.com/illumio/cloud-operator/internal/controller/stream/resources/client.go:213.51,217.3 2 1
github.com/illumio/cloud-operator/internal/controller/stream/resources/client.go:219.2,219.12 1 1
github.com/illumio/cloud-operator/internal/controller/stream/resources/client.go:223.98,231.2 2 1
github.com/illumio/cloud-operator/internal/controller/stream/resources/client.go:234.141,237.19 2 1
github.com/illumio/cloud-operator/internal/controller/stream/resources/client.go:238.19,243.4 1 1
github.com/illumio/cloud-operator/internal/controller/stream/resources/client.go:244.21,249.4 1 1
github.com/illumio/cloud-operator/internal/controller/stream/resources/client.go:250.22,255.4 1 1
github.com/illumio/cloud-operator/internal/controller/stream/resources/client.go:256.22,256.22 0 1
github.com/illumio/cloud-operator/internal/controller/stream/resources/client.go:257.19,257.19 0 1
github.com/illumio/cloud-operator/internal/controller/stream/resources/client.go:260.2,260.17 1 1
github.com/illumio/cloud-operator/internal/controller/stream/resources/client.go:264.74,268.16 3 0
github.com/illumio/cloud-operator/internal/controller/stream/resources/client.go:268.16,272.3 2 0
github.com/illumio/cloud-operator/internal/controller/stream/resources/client.go:274.2,275.16 2 0
github.com/illumio/cloud-operator/internal/controller/stream/resources/client.go:275.16,279.3 2 0
github.com/illumio/cloud-operator/internal/controller/stream/resources/client.go:281.2,292.32 2 0
github.com/illumio/cloud-operator/internal/controller/stream/resources/client.go:296.64,302.2 2 0
github.com/illumio/cloud-operator/internal/controller/stream/resources/factory.go:28.120,32.16 3 0
github.com/illumio/cloud-operator/internal/controller/stream/resources/factory.go:32.16,36.3 2 0
github.com/illumio/cloud-operator/internal/controller/stream/resources/factory.go:38.2,44.8 1 0
github.com/illumio/cloud-operator/internal/controller/stream/resources/factory.go:48.33,50.2 1 1
github.com/illumio/cloud-operator/internal/controller/stream/resources/resources.go:35.130,39.37 3 1
github.com/illumio/cloud-operator/internal/controller/stream/resources/resources.go:39.37,41.3 1 1
github.com/illumio/cloud-operator/internal/controller/stream/resources/resources.go:43.2,46.16 3 1
github.com/illumio/cloud-operator/internal/controller/stream/resources/resources.go:46.16,50.3 2 0
github.com/illumio/cloud-operator/internal/controller/stream/resources/resources.go:52.2,52.41 1 1
github.com/illumio/cloud-operator/internal/controller/stream/resources/resources.go:52.41,53.42 1 1
github.com/illumio/cloud-operator/internal/controller/stream/resources/resources.go:53.42,55.18 2 1
github.com/illumio/cloud-operator/internal/controller/stream/resources/resources.go:55.18,56.35 1 0
github.com/illumio/cloud-operator/internal/controller/stream/resources/resources.go:56.35,57.14 1 0
github.com/illumio/cloud-operator/internal/controller/stream/resources/resources.go:58.11,60.6 1 0
github.com/illumio/cloud-operator/internal/controller/stream/resources/resources.go:63.4,63.55 1 1
github.com/illumio/cloud-operator/internal/controller/stream/resources/resources.go:63.55,64.56 1 1
github.com/illumio/cloud-operator/internal/controller/stream/resources/resources.go:64.56,65.40 1 1
github.com/illumio/cloud-operator/internal/controller/stream/resources/resources.go:65.40,71.15 2 1
github.com/illumio/cloud-operator/internal/controller/stream/resources/resources.go:74.6,74.53 1 1
github.com/illumio/cloud-operator/internal/controller/stream/resources/resources.go:80.2,80.33 1 1
github.com/illumio/cloud-operator/internal/controller/stream/resources/watcher.go:59.48,74.2 2 1
github.com/illumio/cloud-operator/internal/controller/stream/resources/watcher.go:77.159,81.16 3 0
github.com/illumio/cloud-operator/internal/controller/stream/resources/watcher.go:81.16,85.3 2 0
github.com/illumio/cloud-operator/internal/controller/stream/resources/watcher.go:87.2,88.16 2 0
github.com/illumio/cloud-operator/internal/controller/stream/resources/watcher.go:88.16,92.3 2 0
github.com/illumio/cloud-operator/internal/controller/stream/resources/watcher.go:96.114,100.16 3 0
github.com/illumio/cloud-operator/internal/controller/stream/resources/watcher.go:100.16,102.3 1 0
github.com/illumio/cloud-operator/internal/controller/stream/resources/watcher.go:104.2,104.27 1 0
github.com/illumio/cloud-operator/internal/controller/stream/resources/watcher.go:104.27,108.17 3 0
github.com/illumio/cloud-operator/internal/controller/stream/resources/watcher.go:108.17,112.4 2 0
github.com/illumio/cloud-operator/internal/controller/stream/resources/watcher.go:115.2,117.9 2 0
github.com/illumio/cloud-operator/internal/controller/stream/resources/watcher.go:118.20,119.23 1 0
github.com/illumio/cloud-operator/internal/controller/stream/resources/watcher.go:120.10,120.10 0 0
github.com/illumio/cloud-operator/internal/controller/stream/resources/watcher.go:123.2,123.33 1 0
github.com/illumio/cloud-operator/internal/controller/stream/resources/watcher.go:127.132,134.15 4 0
github.com/illumio/cloud-operator/internal/controller/stream/resources/watcher.go:134.15,135.21 1 0
github.com/illumio/cloud-operator/internal/controller/stream/resources/watcher.go:135.21,137.4 1 0
github.com/illumio/cloud-operator/internal/controller/stream/resources/watcher.go:140.2,142.6 2 0
github.com/illumio/cloud-operator/internal/controller/stream/resources/watcher.go:142.6,143.21 1 0
github.com/illumio/cloud-operator/internal/controller/stream/resources/watcher.go:143.21,148.4 3 0
github.com/illumio/cloud-operator/internal/controller/stream/resources/watcher.go:150.3,153.17 3 0
github.com/illumio/cloud-operator/internal/controller/stream/resources/watcher.go:153.17,155.4 1 0
github.com/illumio/cloud-operator/internal/controller/stream/resources/watcher.go:157.2,158.7 1 0
github.com/illumio/cloud-operator/internal/controller/stream/resources/watcher.go:158.7,159.11 1 0
github.com/illumio/cloud-operator/internal/controller/stream/resources/watcher.go:160.22,163.21 2 0
github.com/illumio/cloud-operator/internal/controller/stream/resources/watcher.go:165.45,166.12 1 0
github.com/illumio/cloud-operator/internal/controller/stream/resources/watcher.go:166.12,169.23 2 0
github.com/illumio/cloud-operator/internal/controller/stream/resources/watcher.go:172.5,173.19 2 0
github.com/illumio/cloud-operator/internal/controller/stream/resources/watcher.go:173.19,175.26 2 0
github.com/illumio/cloud-operator/internal/controller/stream/resources/watcher.go:175.26,177.7 1 0
github.com/illumio/cloud-operator/internal/controller/stream/resources/watcher.go:179.6,179.21 1 0
github.com/illumio/cloud-operator/internal/controller/stream/resources/watcher.go:179.21,180.24 1 0
github.com/illumio/cloud-operator/internal/controller/stream/resources/watcher.go:184.5,184.33 1 0
github.com/illumio/cloud-operator/internal/controller/stream/resources/watcher.go:184.33,186.6 1 0
github.com/illumio/cloud-operator/internal/controller/stream/resources/watcher.go:188.5,188.24 1 0
github.com/illumio/cloud-operator/internal/controller/stream/resources/watcher.go:188.24,190.6 1 0
github.com/illumio/cloud-operator/internal/controller/stream/resources/watcher.go:192.50,195.22 2 0
github.com/illumio/cloud-operator/internal/controller/stream/resources/watcher.go:201.131,203.39 1 1
github.com/illumio/cloud-operator/internal/controller/stream/resources/watcher.go:204.34,208.20 2 1
github.com/illumio/cloud-operator/internal/controller/stream/resources/watcher.go:209.10,212.19 2 1
github.com/illumio/cloud-operator/internal/controller/stream/resources/watcher.go:216.151,218.16 2 1
github.com/illumio/cloud-operator/internal/controller/stream/resources/watcher.go:218.16,219.33 1 1
github.com/illumio/cloud-operator/internal/controller/stream/resources/watcher.go:219.33,223.4 2 1
github.com/illumio/cloud-operator/internal/controller/stream/resources/watcher.go:225.3,227.18 2 0
github.com/illumio/cloud-operator/internal/controller/stream/resources/watcher.go:230.2,230.35 1 1
github.com/illumio/cloud-operator/internal/controller/stream/resources/watcher.go:233.109,235.39 2 1
github.com/illumio/cloud-operator/internal/controller/stream/resources/watcher.go:235.39,237.17 2 1
github.com/illumio/cloud-operator/internal/controller/stream/resources/watcher.go:237.17,241.4 2 0
github.com/illumio/cloud-operator/internal/controller/stream/resources/watcher.go:243.3,243.46 1 1
github.com/illumio/cloud-operator/internal/controller/stream/resources/watcher.go:246.2,246.25 1 1
github.com/illumio/cloud-operator/internal/controller/stream/resources/watcher.go:249.155,251.16 2 1
github.com/illumio/cloud-operator/internal/controller/stream/resources/watcher.go:251.16,253.3 1 0
github.com/illumio/cloud-operator/internal/controller/stream/resources/watcher.go:255.2,256.16 2 1
github.com/illumio/cloud-operator/internal/controller/stream/resources/watcher.go:256.16,258.3 1 0
github.com/illumio/cloud-operator/internal/controller/stream/resources/watcher.go:260.2,260.120 1 1
github.com/illumio/cloud-operator/internal/controller/stream/resources/watcher.go:263.40,264.34 1 1
github.com/illumio/cloud-operator/internal/controller/stream/resources/watcher.go:264.34,266.3 1 1
github.com/illumio/cloud-operator/internal/controller/stream/resources/watcher.go:268.2,268.10 1 1
github.com/illumio/cloud-operator/internal/controller/stream/resources/watcher.go:271.120,281.16 4 1
github.com/illumio/cloud-operator/internal/controller/stream/resources/watcher.go:281.16,285.3 2 1
github.com/illumio/cloud-operator/internal/controller/stream/resources/watcher.go:287.2,287.15 1 1
github.com/illumio/cloud-operator/internal/controller/stream/resources/watcher.go:295.25,296.20 1 1
github.com/illumio/cloud-operator/internal/controller/stream/resources/watcher.go:297.19,300.69 2 1
github.com/illumio/cloud-operator/internal/controller/stream/resources/watcher.go:302.22,306.17 3 1
github.com/illumio/cloud-operator/internal/controller/stream/resources/watcher.go:306.17,308.4 1 0
github.com/illumio/cloud-operator/internal/controller/stream/resources/watcher.go:310.3,310.37 1 1
github.com/illumio/cloud-operator/internal/controller/stream/resources/watcher.go:312.50,317.36 3 1
github.com/illumio/cloud-operator/internal/controller/stream/resources/watcher.go:319.10,320.114 1 1
github.com/illumio/cloud-operator/internal/controller/stream/resources/watcher.go:324.52,325.25 1 1
github.com/illumio/cloud-operator/internal/controller/stream/resources/watcher.go:325.25,327.3 1 1
github.com/illumio/cloud-operator/internal/controller/stream/resources/watcher.go:329.2,329.31 1 1
github.com/illumio/cloud-operator/internal/controller/stream/resources/watcher.go:329.31,331.3 1 1
github.com/illumio/cloud-operator/internal/controller/stream/resources/watcher.go:333.2,334.9 2 1
github.com/illumio/cloud-operator/internal/controller/stream/resources/watcher.go:334.9,336.3 1 1
github.com/illumio/cloud-operator/internal/controller/stream/resources/watcher.go:338.2,338.51 1 1
github.com/illumio/cloud-operator/internal/controller/stream/resources/watcher.go:341.72,342.25 1 1
github.com/illumio/cloud-operator/internal/controller/stream/resources/watcher.go:342.25,344.3 1 1
github.com/illumio/cloud-operator/internal/controller/stream/resources/watcher.go:346.2,347.9 2 1
github.com/illumio/cloud-operator/internal/controller/stream/resources/watcher.go:347.9,349.3 1 0
github.com/illumio/cloud-operator/internal/controller/stream/resources/watcher.go:351.2,352.27 2 1
github.com/illumio/cloud-operator/internal/controller/stream/resources/watcher.go:352.27,354.3 1 1
github.com/illumio/cloud-operator/internal/controller/stream/resources/watcher.go:356.2,356.29 1 1
github.com/illumio/cloud-operator/internal/controller/stream/resources/watcher.go:359.141,361.16 2 1
github.com/illumio/cloud-operator/internal/controller/stream/resources/watcher.go:361.16,363.3 1 1
github.com/illumio/cloud-operator/internal/controller/stream/resources/watcher.go:365.2,370.9 4 1
github.com/illumio/cloud-operator/internal/controller/stream/resources/watcher.go:371.20,372.23 1 1
github.com/illumio/cloud-operator/internal/controller/stream/resources/watcher.go:373.32,373.32 0 1
github.com/illumio/cloud-operator/internal/controller/stream/resources/watcher.go:376.2,376.48 1 1
github.com/illumio/cloud-operator/internal/controller/stream/flows/cache/cache.go:45.14,54.2 1 1
github.com/illumio/cloud-operator/internal/controller/stream/flows/cache/cache.go:57.35,62.2 3 1
github.com/illumio/cloud-operator/internal/controller/stream/flows/cache/cache.go:65.72,66.9 1 1
github.com/illumio/cloud-operator/internal/controller/stream/flows/cache/cache.go:67.20,68.19 1 0
github.com/illumio/cloud-operator/internal/controller/stream/flows/cache/cache.go:69.25,70.13 1 1
github.com/illumio/cloud-operator/internal/controller/stream/flows/cache/cache.go:75.72,79.6 3 1
github.com/illumio/cloud-operator/internal/controller/stream/flows/cache/cache.go:79.6,80.10 1 1
github.com/illumio/cloud-operator/internal/controller/stream/flows/cache/cache.go:81.21,82.20 1 1
github.com/illumio/cloud-operator/internal/controller/stream/flows/cache/cache.go:84.18,87.46 2 0
github.com/illumio/cloud-operator/internal/controller/stream/flows/cache/cache.go:87.46,89.12 2 0
github.com/illumio/cloud-operator/internal/controller/stream/flows/cache/cache.go:89.12,91.6 1 0
github.com/illumio/cloud-operator/internal/controller/stream/flows/cache/cache.go:93.5,93.62 1 0
github.com/illumio/cloud-operator/internal/controller/stream/flows/cache/cache.go:96.28,97.30 1 0
github.com/illumio/cloud-operator/internal/controller/stream/flows/cache/cache.go:97.30,98.13 1 0
github.com/illumio/cloud-operator/internal/controller/stream/flows/cache/cache.go:101.4,101.29 1 0
github.com/illumio/cloud-operator/internal/controller/stream/flows/cache/cache.go:101.29,102.58 1 0
github.com/illumio/cloud-operator/internal/controller/stream/flows/cache/cache.go:102.58,104.6 1 0
github.com/illumio/cloud-operator/internal/controller/stream/flows/cache/cache.go:107.4,108.48 2 0
github.com/illumio/cloud-operator/internal/controller/stream/flows/cache/cache.go:113.80,117.24 3 1
github.com/illumio/cloud-operator/internal/controller/stream/flows/cache/cache.go:117.24,121.10 3 1
github.com/illumio/cloud-operator/internal/controller/stream/flows/cache/cache.go:121.10,123.4 1 0
github.com/illumio/cloud-operator/internal/controller/stream/flows/cache/cache.go:125.3,125.42 1 1
github.com/illumio/cloud-operator/internal/controller/stream/flows/cache/cache.go:125.42,126.9 1 1
github.com/illumio/cloud-operator/internal/controller/stream/flows/cache/cache.go:129.3,132.10 3 1
github.com/illumio/cloud-operator/internal/controller/stream/flows/cache/cache.go:133.21,134.10 1 0
github.com/illumio/cloud-operator/internal/controller/stream/flows/cache/cache.go:135.27,135.27 0 1
github.com/illumio/cloud-operator/internal/controller/stream/flows/cache/cache.go:140.55,144.2 2 1
github.com/illumio/cloud-operator/internal/controller/stream/flows/cache/cache.go:146.46,148.2 1 1
github.com/illumio/cloud-operator/internal/controller/stream/flows/cache/cache.go:150.84,152.19 2 1
github.com/illumio/cloud-operator/internal/controller/stream/flows/cache/cache.go:152.19,154.3 1 0
github.com/illumio/cloud-operator/internal/controller/stream/flows/cache/cache.go:156.2,159.9 3 1
github.com/illumio/cloud-operator/internal/controller/stream/flows/cache/cache.go:159.9,161.3 1 0
github.com/illumio/cloud-operator/internal/controller/stream/flows/cache/cache.go:163.2,165.9 2 1
github.com/illumio/cloud-operator/internal/controller/stream/flows/cache/cache.go:166.20,167.19 1 0
github.com/illumio/cloud-operator/internal/controller/stream/flows/cache/cache.go:168.26,168.26 0 1
github.com/illumio/cloud-operator/internal/controller/stream/flows/cache/cache.go:171.2,171.12 1 1
github.com/illumio/cloud-operator/internal/controller/stream/flows/cache/cache.go:174.50,177.2 2 1
github.com/illumio/cloud-operator/internal/controller/stream/flows/cache/cache.go:179.88,180.46 1 0
github.com/illumio/cloud-operator/internal/controller/stream/flows/cache/cache.go:180.46,182.10 2 0
github.com/illumio/cloud-operator/internal/controller/stream/flows/cache/cache.go:182.10,184.4 1 0
github.com/illumio/cloud-operator/internal/controller/stream/flows/cache/cache.go:186.3,186.60 1 0
github.com/illumio/cloud-operator/internal/controller/stream/flows/cache/cache.go:190.80,193.2 2 0
