mode: set
github.com/illumio/cloud-operator/internal/controller/authenticator.go:42.134,43.42 1 0
github.com/illumio/cloud-operator/internal/controller/authenticator.go:43.42,45.3 1 0
github.com/illumio/cloud-operator/internal/controller/authenticator.go:46.2,46.73 1 0
github.com/illumio/cloud-operator/internal/controller/authenticator.go:50.140,53.16 2 0
github.com/illumio/cloud-operator/internal/controller/authenticator.go:53.16,56.3 2 0
github.com/illumio/cloud-operator/internal/controller/authenticator.go:59.2,60.16 2 0
github.com/illumio/cloud-operator/internal/controller/authenticator.go:60.16,63.3 2 0
github.com/illumio/cloud-operator/internal/controller/authenticator.go:66.2,67.20 2 0
github.com/illumio/cloud-operator/internal/controller/authenticator.go:67.20,69.3 1 0
github.com/illumio/cloud-operator/internal/controller/authenticator.go:70.2,71.24 2 0
github.com/illumio/cloud-operator/internal/controller/authenticator.go:71.24,73.3 1 0
github.com/illumio/cloud-operator/internal/controller/authenticator.go:74.2,74.36 1 0
github.com/illumio/cloud-operator/internal/controller/authenticator.go:77.114,79.16 2 0
github.com/illumio/cloud-operator/internal/controller/authenticator.go:79.16,81.3 1 0
github.com/illumio/cloud-operator/internal/controller/authenticator.go:83.2,84.19 2 0
github.com/illumio/cloud-operator/internal/controller/authenticator.go:88.138,90.16 2 0
github.com/illumio/cloud-operator/internal/controller/authenticator.go:90.16,93.3 2 0
github.com/illumio/cloud-operator/internal/controller/authenticator.go:95.2,98.16 3 0
github.com/illumio/cloud-operator/internal/controller/authenticator.go:98.16,101.3 2 0
github.com/illumio/cloud-operator/internal/controller/authenticator.go:104.2,111.16 3 0
github.com/illumio/cloud-operator/internal/controller/authenticator.go:111.16,114.3 2 0
github.com/illumio/cloud-operator/internal/controller/authenticator.go:115.2,115.12 1 0
github.com/illumio/cloud-operator/internal/controller/authenticator.go:119.52,123.60 3 0
github.com/illumio/cloud-operator/internal/controller/authenticator.go:123.60,125.44 2 0
github.com/illumio/cloud-operator/internal/controller/authenticator.go:125.44,127.4 1 0
github.com/illumio/cloud-operator/internal/controller/authenticator.go:128.3,128.70 1 0
github.com/illumio/cloud-operator/internal/controller/authenticator.go:129.8,131.3 1 0
github.com/illumio/cloud-operator/internal/controller/authenticator.go:132.2,132.16 1 0
github.com/illumio/cloud-operator/internal/controller/authenticator.go:132.16,134.3 1 0
github.com/illumio/cloud-operator/internal/controller/authenticator.go:136.2,136.47 1 0
github.com/illumio/cloud-operator/internal/controller/authenticator.go:140.32,143.2 1 1
github.com/illumio/cloud-operator/internal/controller/authenticator.go:153.29,166.16 7 0
github.com/illumio/cloud-operator/internal/controller/authenticator.go:166.16,169.3 2 0
github.com/illumio/cloud-operator/internal/controller/authenticator.go:171.2,172.16 2 0
github.com/illumio/cloud-operator/internal/controller/authenticator.go:172.16,175.3 2 0
github.com/illumio/cloud-operator/internal/controller/authenticator.go:177.2,178.16 2 0
github.com/illumio/cloud-operator/internal/controller/authenticator.go:178.16,181.3 2 0
github.com/illumio/cloud-operator/internal/controller/authenticator.go:182.2,190.16 4 0
github.com/illumio/cloud-operator/internal/controller/authenticator.go:190.16,192.3 1 0
github.com/illumio/cloud-operator/internal/controller/authenticator.go:193.2,193.18 1 0
github.com/illumio/cloud-operator/internal/controller/authenticator.go:197.48,202.2 1 1
github.com/illumio/cloud-operator/internal/controller/authenticator.go:205.117,211.2 1 0
github.com/illumio/cloud-operator/internal/controller/authenticator.go:214.60,218.2 3 0
github.com/illumio/cloud-operator/internal/controller/authenticator_onboarding_credentials.go:35.99,39.2 1 1
github.com/illumio/cloud-operator/internal/controller/authenticator_onboarding_credentials.go:41.61,43.2 1 1
github.com/illumio/cloud-operator/internal/controller/authenticator_onboarding_credentials.go:45.68,47.2 1 1
github.com/illumio/cloud-operator/internal/controller/flow_cilium.go:37.132,39.16 2 0
github.com/illumio/cloud-operator/internal/controller/flow_cilium.go:39.16,41.3 1 0
github.com/illumio/cloud-operator/internal/controller/flow_cilium.go:43.2,43.34 1 0
github.com/illumio/cloud-operator/internal/controller/flow_cilium.go:43.34,45.3 1 0
github.com/illumio/cloud-operator/internal/controller/flow_cilium.go:47.2,48.21 2 0
github.com/illumio/cloud-operator/internal/controller/flow_cilium.go:52.124,54.16 2 0
github.com/illumio/cloud-operator/internal/controller/flow_cilium.go:54.16,56.3 1 0
github.com/illumio/cloud-operator/internal/controller/flow_cilium.go:57.2,58.16 2 0
github.com/illumio/cloud-operator/internal/controller/flow_cilium.go:58.16,60.3 1 0
github.com/illumio/cloud-operator/internal/controller/flow_cilium.go:61.2,62.16 2 0
github.com/illumio/cloud-operator/internal/controller/flow_cilium.go:62.16,64.3 1 0
github.com/illumio/cloud-operator/internal/controller/flow_cilium.go:65.2,66.72 2 0
github.com/illumio/cloud-operator/internal/controller/flow_cilium.go:70.42,71.15 1 0
github.com/illumio/cloud-operator/internal/controller/flow_cilium.go:71.15,73.3 1 0
github.com/illumio/cloud-operator/internal/controller/flow_cilium.go:74.2,78.3 1 0
github.com/illumio/cloud-operator/internal/controller/flow_cilium.go:82.54,83.15 1 0
github.com/illumio/cloud-operator/internal/controller/flow_cilium.go:83.15,85.3 1 0
github.com/illumio/cloud-operator/internal/controller/flow_cilium.go:86.2,87.40 2 0
github.com/illumio/cloud-operator/internal/controller/flow_cilium.go:88.24,94.4 1 0
github.com/illumio/cloud-operator/internal/controller/flow_cilium.go:95.24,101.4 1 0
github.com/illumio/cloud-operator/internal/controller/flow_cilium.go:102.27,108.4 1 0
github.com/illumio/cloud-operator/internal/controller/flow_cilium.go:109.27,115.4 1 0
github.com/illumio/cloud-operator/internal/controller/flow_cilium.go:116.25,122.4 1 0
github.com/illumio/cloud-operator/internal/controller/flow_cilium.go:123.10,123.10 0 0
github.com/illumio/cloud-operator/internal/controller/flow_cilium.go:126.2,126.15 1 0
github.com/illumio/cloud-operator/internal/controller/flow_cilium.go:130.72,132.37 2 0
github.com/illumio/cloud-operator/internal/controller/flow_cilium.go:132.37,138.3 2 0
github.com/illumio/cloud-operator/internal/controller/flow_cilium.go:139.2,139.23 1 0
github.com/illumio/cloud-operator/internal/controller/flow_cilium.go:143.66,145.34 2 0
github.com/illumio/cloud-operator/internal/controller/flow_cilium.go:145.34,153.3 2 0
github.com/illumio/cloud-operator/internal/controller/flow_cilium.go:154.2,154.22 1 0
github.com/illumio/cloud-operator/internal/controller/flow_cilium.go:158.96,165.16 4 0
github.com/illumio/cloud-operator/internal/controller/flow_cilium.go:165.16,168.3 2 0
github.com/illumio/cloud-operator/internal/controller/flow_cilium.go:169.2,169.15 1 0
github.com/illumio/cloud-operator/internal/controller/flow_cilium.go:169.15,171.17 2 0
github.com/illumio/cloud-operator/internal/controller/flow_cilium.go:171.17,173.4 1 0
github.com/illumio/cloud-operator/internal/controller/flow_cilium.go:175.2,175.6 1 0
github.com/illumio/cloud-operator/internal/controller/flow_cilium.go:175.6,176.10 1 0
github.com/illumio/cloud-operator/internal/controller/flow_cilium.go:177.21,178.20 1 0
github.com/illumio/cloud-operator/internal/controller/flow_cilium.go:179.11,179.11 0 0
github.com/illumio/cloud-operator/internal/controller/flow_cilium.go:181.3,182.17 2 0
github.com/illumio/cloud-operator/internal/controller/flow_cilium.go:182.17,185.4 2 0
github.com/illumio/cloud-operator/internal/controller/flow_cilium.go:186.3,187.24 2 0
github.com/illumio/cloud-operator/internal/controller/flow_cilium.go:187.24,188.12 1 0
github.com/illumio/cloud-operator/internal/controller/flow_cilium.go:190.3,191.17 2 0
github.com/illumio/cloud-operator/internal/controller/flow_cilium.go:191.17,194.4 2 0
github.com/illumio/cloud-operator/internal/controller/flow_cilium.go:199.72,207.26 2 0
github.com/illumio/cloud-operator/internal/controller/flow_cilium.go:207.26,210.3 1 0
github.com/illumio/cloud-operator/internal/controller/flow_cilium.go:212.2,226.32 2 0
github.com/illumio/cloud-operator/internal/controller/flow_cilium.go:226.32,235.3 1 0
github.com/illumio/cloud-operator/internal/controller/flow_cilium.go:236.2,236.37 1 0
github.com/illumio/cloud-operator/internal/controller/flow_cilium.go:236.37,245.3 1 0
github.com/illumio/cloud-operator/internal/controller/flow_cilium.go:246.2,246.19 1 0
github.com/illumio/cloud-operator/internal/controller/flow_falco.go:39.44,41.2 1 0
github.com/illumio/cloud-operator/internal/controller/flow_falco.go:44.72,49.16 3 0
github.com/illumio/cloud-operator/internal/controller/flow_falco.go:49.16,51.3 1 0
github.com/illumio/cloud-operator/internal/controller/flow_falco.go:53.2,53.32 1 0
github.com/illumio/cloud-operator/internal/controller/flow_falco.go:57.63,62.32 3 0
github.com/illumio/cloud-operator/internal/controller/flow_falco.go:62.32,63.22 1 0
github.com/illumio/cloud-operator/internal/controller/flow_falco.go:63.22,65.15 2 0
github.com/illumio/cloud-operator/internal/controller/flow_falco.go:66.16,68.19 2 0
github.com/illumio/cloud-operator/internal/controller/flow_falco.go:68.19,70.6 1 0
github.com/illumio/cloud-operator/internal/controller/flow_falco.go:71.5,71.24 1 0
github.com/illumio/cloud-operator/internal/controller/flow_falco.go:72.17,73.23 1 0
github.com/illumio/cloud-operator/internal/controller/flow_falco.go:74.17,75.23 1 0
github.com/illumio/cloud-operator/internal/controller/flow_falco.go:76.19,77.25 1 0
github.com/illumio/cloud-operator/internal/controller/flow_falco.go:78.19,79.25 1 0
github.com/illumio/cloud-operator/internal/controller/flow_falco.go:80.17,81.23 1 0
github.com/illumio/cloud-operator/internal/controller/flow_falco.go:82.21,83.27 1 0
github.com/illumio/cloud-operator/internal/controller/flow_falco.go:87.2,87.28 1 0
github.com/illumio/cloud-operator/internal/controller/flow_falco.go:87.28,89.3 1 0
github.com/illumio/cloud-operator/internal/controller/flow_falco.go:91.2,92.16 2 0
github.com/illumio/cloud-operator/internal/controller/flow_falco.go:92.16,94.3 1 0
github.com/illumio/cloud-operator/internal/controller/flow_falco.go:96.2,97.16 2 0
github.com/illumio/cloud-operator/internal/controller/flow_falco.go:97.16,99.3 1 0
github.com/illumio/cloud-operator/internal/controller/flow_falco.go:100.2,101.16 2 0
github.com/illumio/cloud-operator/internal/controller/flow_falco.go:101.16,103.3 1 0
github.com/illumio/cloud-operator/internal/controller/flow_falco.go:105.2,106.16 2 0
github.com/illumio/cloud-operator/internal/controller/flow_falco.go:106.16,108.3 1 0
github.com/illumio/cloud-operator/internal/controller/flow_falco.go:110.2,118.18 2 0
github.com/illumio/cloud-operator/internal/controller/flow_falco.go:123.69,124.54 1 0
github.com/illumio/cloud-operator/internal/controller/flow_falco.go:124.54,128.63 2 0
github.com/illumio/cloud-operator/internal/controller/flow_falco.go:128.63,131.4 2 0
github.com/illumio/cloud-operator/internal/controller/flow_falco.go:132.3,133.10 2 0
github.com/illumio/cloud-operator/internal/controller/flow_falco.go:134.33,135.32 1 0
github.com/illumio/cloud-operator/internal/controller/flow_falco.go:136.29,137.48 1 0
github.com/illumio/cloud-operator/internal/controller/flow_falco.go:138.14,139.48 1 0
github.com/illumio/cloud-operator/internal/controller/flow_falco.go:141.3,141.11 1 0
github.com/illumio/cloud-operator/internal/controller/flow_falco.go:146.45,148.2 1 0
github.com/illumio/cloud-operator/internal/controller/flow_falco.go:150.95,151.25 1 0
github.com/illumio/cloud-operator/internal/controller/flow_falco.go:151.25,153.3 1 0
github.com/illumio/cloud-operator/internal/controller/flow_falco.go:153.8,153.32 1 0
github.com/illumio/cloud-operator/internal/controller/flow_falco.go:153.32,155.3 1 0
github.com/illumio/cloud-operator/internal/controller/flow_falco.go:157.2,157.38 1 0
github.com/illumio/cloud-operator/internal/controller/flow_falco.go:161.103,162.15 1 0
github.com/illumio/cloud-operator/internal/controller/flow_falco.go:163.13,172.9 1 0
github.com/illumio/cloud-operator/internal/controller/flow_falco.go:173.13,181.9 1 0
github.com/illumio/cloud-operator/internal/controller/flow_falco.go:182.14,183.26 1 0
github.com/illumio/cloud-operator/internal/controller/flow_falco.go:183.26,189.4 1 0
github.com/illumio/cloud-operator/internal/controller/flow_falco.go:189.9,189.33 1 0
github.com/illumio/cloud-operator/internal/controller/flow_falco.go:189.33,195.4 1 0
github.com/illumio/cloud-operator/internal/controller/flow_falco.go:196.10,196.10 0 0
github.com/illumio/cloud-operator/internal/controller/flow_falco.go:198.2,198.38 1 0
github.com/illumio/cloud-operator/internal/controller/grpc_logger.go:43.60,53.2 3 0
github.com/illumio/cloud-operator/internal/controller/grpc_logger.go:56.49,61.9 4 0
github.com/illumio/cloud-operator/internal/controller/grpc_logger.go:62.16,64.13 1 0
github.com/illumio/cloud-operator/internal/controller/grpc_logger.go:65.10,65.10 0 0
github.com/illumio/cloud-operator/internal/controller/grpc_logger.go:67.2,68.23 2 0
github.com/illumio/cloud-operator/internal/controller/grpc_logger.go:72.43,73.84 1 0
github.com/illumio/cloud-operator/internal/controller/grpc_logger.go:73.84,75.3 1 0
github.com/illumio/cloud-operator/internal/controller/grpc_logger.go:77.2,77.31 1 0
github.com/illumio/cloud-operator/internal/controller/grpc_logger.go:77.31,90.17 2 0
github.com/illumio/cloud-operator/internal/controller/grpc_logger.go:90.17,93.4 2 0
github.com/illumio/cloud-operator/internal/controller/grpc_logger.go:94.3,94.57 1 0
github.com/illumio/cloud-operator/internal/controller/grpc_logger.go:94.57,97.4 2 0
github.com/illumio/cloud-operator/internal/controller/grpc_logger.go:98.3,98.28 1 0
github.com/illumio/cloud-operator/internal/controller/grpc_logger.go:101.2,101.39 1 0
github.com/illumio/cloud-operator/internal/controller/grpc_logger.go:101.39,102.53 1 0
github.com/illumio/cloud-operator/internal/controller/grpc_logger.go:102.53,105.4 2 0
github.com/illumio/cloud-operator/internal/controller/grpc_logger.go:107.2,107.25 1 0
github.com/illumio/cloud-operator/internal/controller/grpc_logger.go:111.41,115.6 3 0
github.com/illumio/cloud-operator/internal/controller/grpc_logger.go:115.6,116.10 1 0
github.com/illumio/cloud-operator/internal/controller/grpc_logger.go:117.19,120.20 3 0
github.com/illumio/cloud-operator/internal/controller/grpc_logger.go:121.17,122.10 1 0
github.com/illumio/cloud-operator/internal/controller/grpc_logger.go:128.106,130.16 2 0
github.com/illumio/cloud-operator/internal/controller/grpc_logger.go:130.16,132.3 1 0
github.com/illumio/cloud-operator/internal/controller/grpc_logger.go:135.2,137.26 2 0
github.com/illumio/cloud-operator/internal/controller/grpc_logger.go:142.61,149.62 4 0
github.com/illumio/cloud-operator/internal/controller/grpc_logger.go:149.62,151.3 1 0
github.com/illumio/cloud-operator/internal/controller/grpc_logger.go:151.8,154.53 2 0
github.com/illumio/cloud-operator/internal/controller/grpc_logger.go:154.53,156.4 1 0
github.com/illumio/cloud-operator/internal/controller/grpc_logger.go:159.2,159.18 1 0
github.com/illumio/cloud-operator/internal/controller/grpc_logger.go:159.18,160.36 1 0
github.com/illumio/cloud-operator/internal/controller/grpc_logger.go:160.36,162.4 1 0
github.com/illumio/cloud-operator/internal/controller/grpc_logger.go:162.9,164.4 1 0
github.com/illumio/cloud-operator/internal/controller/grpc_logger.go:169.74,177.2 1 0
github.com/illumio/cloud-operator/internal/controller/grpc_logger.go:180.122,186.2 5 0
github.com/illumio/cloud-operator/internal/controller/grpc_logger.go:189.69,190.15 1 0
github.com/illumio/cloud-operator/internal/controller/grpc_logger.go:191.35,193.42 2 0
github.com/illumio/cloud-operator/internal/controller/grpc_logger.go:194.35,196.42 2 0
github.com/illumio/cloud-operator/internal/controller/grpc_logger.go:197.34,199.41 2 0
github.com/illumio/cloud-operator/internal/controller/grpc_logger.go:200.34,202.41 2 0
github.com/illumio/cloud-operator/internal/controller/grpc_logger.go:203.10,205.41 2 0
github.com/illumio/cloud-operator/internal/controller/grpc_logger.go:218.101,219.62 1 0
github.com/illumio/cloud-operator/internal/controller/grpc_logger.go:219.62,221.3 1 0
github.com/illumio/cloud-operator/internal/controller/grpc_logger.go:222.2,222.11 1 0
github.com/illumio/cloud-operator/internal/controller/grpc_logger.go:225.60,227.2 1 0
github.com/illumio/cloud-operator/internal/controller/grpc_logger.go:229.39,231.2 1 0
github.com/illumio/cloud-operator/internal/controller/grpc_logger.go:233.68,239.24 2 0
github.com/illumio/cloud-operator/internal/controller/grpc_logger.go:239.24,241.3 1 0
github.com/illumio/cloud-operator/internal/controller/grpc_logger.go:242.2,242.19 1 0
github.com/illumio/cloud-operator/internal/controller/grpc_logger.go:245.83,249.16 2 0
github.com/illumio/cloud-operator/internal/controller/grpc_logger.go:249.16,251.3 1 0
github.com/illumio/cloud-operator/internal/controller/grpc_logger.go:253.2,255.12 2 0
github.com/illumio/cloud-operator/internal/controller/grpc_logger.go:260.106,265.102 2 0
github.com/illumio/cloud-operator/internal/controller/grpc_logger.go:265.102,267.3 1 0
github.com/illumio/cloud-operator/internal/controller/grpc_logger.go:270.2,295.15 9 0
github.com/illumio/cloud-operator/internal/controller/grpc_logger.go:299.79,301.2 1 0
github.com/illumio/cloud-operator/internal/controller/k8s_resources.go:24.67,34.2 2 1
github.com/illumio/cloud-operator/internal/controller/k8s_resources.go:38.89,40.16 2 1
github.com/illumio/cloud-operator/internal/controller/k8s_resources.go:40.16,42.3 1 0
github.com/illumio/cloud-operator/internal/controller/k8s_resources.go:43.2,44.31 2 1
github.com/illumio/cloud-operator/internal/controller/k8s_resources.go:49.114,53.76 2 1
github.com/illumio/cloud-operator/internal/controller/k8s_resources.go:53.76,56.17 2 1
github.com/illumio/cloud-operator/internal/controller/k8s_resources.go:56.17,59.4 2 0
github.com/illumio/cloud-operator/internal/controller/k8s_resources.go:60.3,61.67 2 1
github.com/illumio/cloud-operator/internal/controller/k8s_resources.go:61.67,64.4 2 0
github.com/illumio/cloud-operator/internal/controller/k8s_resources.go:65.3,65.26 1 1
github.com/illumio/cloud-operator/internal/controller/k8s_resources.go:66.8,68.3 1 0
github.com/illumio/cloud-operator/internal/controller/k8s_resources.go:72.182,74.16 2 0
github.com/illumio/cloud-operator/internal/controller/k8s_resources.go:74.16,77.3 2 0
github.com/illumio/cloud-operator/internal/controller/k8s_resources.go:78.2,89.18 2 0
github.com/illumio/cloud-operator/internal/controller/k8s_resources.go:90.13,92.17 2 0
github.com/illumio/cloud-operator/internal/controller/k8s_resources.go:92.17,94.4 1 0
github.com/illumio/cloud-operator/internal/controller/k8s_resources.go:95.3,95.131 1 0
github.com/illumio/cloud-operator/internal/controller/k8s_resources.go:96.14,98.17 2 0
github.com/illumio/cloud-operator/internal/controller/k8s_resources.go:98.17,100.4 1 0
github.com/illumio/cloud-operator/internal/controller/k8s_resources.go:101.3,102.17 2 0
github.com/illumio/cloud-operator/internal/controller/k8s_resources.go:102.17,104.4 1 0
github.com/illumio/cloud-operator/internal/controller/k8s_resources.go:105.3,105.139 1 0
github.com/illumio/cloud-operator/internal/controller/k8s_resources.go:106.17,108.17 2 0
github.com/illumio/cloud-operator/internal/controller/k8s_resources.go:108.17,110.4 1 0
github.com/illumio/cloud-operator/internal/controller/k8s_resources.go:111.3,111.93 1 0
github.com/illumio/cloud-operator/internal/controller/k8s_resources.go:113.2,113.25 1 0
github.com/illumio/cloud-operator/internal/controller/k8s_resources.go:117.114,119.16 2 0
github.com/illumio/cloud-operator/internal/controller/k8s_resources.go:119.16,121.3 1 0
github.com/illumio/cloud-operator/internal/controller/k8s_resources.go:122.2,123.48 2 0
github.com/illumio/cloud-operator/internal/controller/k8s_resources.go:123.48,125.77 1 0
github.com/illumio/cloud-operator/internal/controller/k8s_resources.go:125.77,127.4 1 0
github.com/illumio/cloud-operator/internal/controller/k8s_resources.go:129.2,129.25 1 0
github.com/illumio/cloud-operator/internal/controller/k8s_resources.go:133.78,135.36 2 0
github.com/illumio/cloud-operator/internal/controller/k8s_resources.go:135.36,136.23 1 0
github.com/illumio/cloud-operator/internal/controller/k8s_resources.go:136.23,138.4 1 0
github.com/illumio/cloud-operator/internal/controller/k8s_resources.go:139.3,139.29 1 0
github.com/illumio/cloud-operator/internal/controller/k8s_resources.go:139.29,141.4 1 0
github.com/illumio/cloud-operator/internal/controller/k8s_resources.go:143.2,143.15 1 0
github.com/illumio/cloud-operator/internal/controller/k8s_resources.go:147.104,149.34 2 0
github.com/illumio/cloud-operator/internal/controller/k8s_resources.go:149.34,151.21 2 0
github.com/illumio/cloud-operator/internal/controller/k8s_resources.go:151.21,153.4 1 0
github.com/illumio/cloud-operator/internal/controller/k8s_resources.go:154.3,158.23 2 0
github.com/illumio/cloud-operator/internal/controller/k8s_resources.go:158.23,160.4 1 0
github.com/illumio/cloud-operator/internal/controller/k8s_resources.go:161.3,161.30 1 0
github.com/illumio/cloud-operator/internal/controller/k8s_resources.go:163.2,163.14 1 0
github.com/illumio/cloud-operator/internal/controller/k8s_resources.go:167.38,168.14 1 0
github.com/illumio/cloud-operator/internal/controller/k8s_resources.go:168.14,170.3 1 0
github.com/illumio/cloud-operator/internal/controller/k8s_resources.go:171.2,172.13 2 0
github.com/illumio/cloud-operator/internal/controller/k8s_resources.go:176.132,181.26 5 0
github.com/illumio/cloud-operator/internal/controller/k8s_resources.go:181.26,183.3 1 0
github.com/illumio/cloud-operator/internal/controller/k8s_resources.go:184.2,184.20 1 0
github.com/illumio/cloud-operator/internal/controller/k8s_resources.go:188.164,190.16 2 0
github.com/illumio/cloud-operator/internal/controller/k8s_resources.go:190.16,192.3 1 0
github.com/illumio/cloud-operator/internal/controller/k8s_resources.go:193.2,194.50 2 0
github.com/illumio/cloud-operator/internal/controller/k8s_resources.go:194.50,196.3 1 0
github.com/illumio/cloud-operator/internal/controller/k8s_resources.go:197.2,203.27 4 0
github.com/illumio/cloud-operator/internal/controller/k8s_resources.go:203.27,205.25 2 0
github.com/illumio/cloud-operator/internal/controller/k8s_resources.go:205.25,208.4 2 0
github.com/illumio/cloud-operator/internal/controller/k8s_resources.go:209.3,214.4 1 0
github.com/illumio/cloud-operator/internal/controller/k8s_resources.go:217.2,223.8 1 0
github.com/illumio/cloud-operator/internal/controller/k8s_resources.go:228.110,229.31 1 0
github.com/illumio/cloud-operator/internal/controller/k8s_resources.go:229.31,231.3 1 0
github.com/illumio/cloud-operator/internal/controller/k8s_resources.go:233.2,234.43 2 0
github.com/illumio/cloud-operator/internal/controller/k8s_resources.go:234.43,237.41 2 0
github.com/illumio/cloud-operator/internal/controller/k8s_resources.go:237.41,239.4 1 0
github.com/illumio/cloud-operator/internal/controller/k8s_resources.go:241.3,242.33 2 0
github.com/illumio/cloud-operator/internal/controller/k8s_resources.go:242.33,244.4 1 0
github.com/illumio/cloud-operator/internal/controller/k8s_resources.go:246.3,254.39 2 0
github.com/illumio/cloud-operator/internal/controller/k8s_resources.go:257.2,257.20 1 0
github.com/illumio/cloud-operator/internal/controller/k8s_resources.go:261.115,263.16 2 0
github.com/illumio/cloud-operator/internal/controller/k8s_resources.go:263.16,265.3 1 0
github.com/illumio/cloud-operator/internal/controller/k8s_resources.go:266.2,266.32 1 0
github.com/illumio/cloud-operator/internal/controller/k8s_resources.go:266.32,268.3 1 0
github.com/illumio/cloud-operator/internal/controller/k8s_resources.go:269.2,269.44 1 0
github.com/illumio/cloud-operator/internal/controller/k8s_resources.go:273.132,275.16 2 0
github.com/illumio/cloud-operator/internal/controller/k8s_resources.go:275.16,278.3 1 0
github.com/illumio/cloud-operator/internal/controller/k8s_resources.go:279.2,279.30 1 0
github.com/illumio/cloud-operator/internal/controller/k8s_resources.go:279.30,281.3 1 0
github.com/illumio/cloud-operator/internal/controller/k8s_resources.go:282.2,282.26 1 0
github.com/illumio/cloud-operator/internal/controller/k8s_resources.go:286.57,288.31 2 1
github.com/illumio/cloud-operator/internal/controller/k8s_resources.go:288.31,290.3 1 1
github.com/illumio/cloud-operator/internal/controller/k8s_resources.go:291.2,291.18 1 1
github.com/illumio/cloud-operator/internal/controller/k8s_resources.go:295.74,297.2 1 1
github.com/illumio/cloud-operator/internal/controller/onboarding.go:25.152,47.16 7 0
github.com/illumio/cloud-operator/internal/controller/onboarding.go:47.16,50.3 2 0
github.com/illumio/cloud-operator/internal/controller/onboarding.go:53.2,54.16 2 0
github.com/illumio/cloud-operator/internal/controller/onboarding.go:54.16,57.3 2 0
github.com/illumio/cloud-operator/internal/controller/onboarding.go:60.2,62.16 3 0
github.com/illumio/cloud-operator/internal/controller/onboarding.go:62.16,65.3 2 0
github.com/illumio/cloud-operator/internal/controller/onboarding.go:67.2,67.25 1 0
github.com/illumio/cloud-operator/internal/controller/onboarding.go:68.21,68.21 0 0
github.com/illumio/cloud-operator/internal/controller/onboarding.go:70.31,78.27 3 0
github.com/illumio/cloud-operator/internal/controller/onboarding.go:79.38,87.27 3 0
github.com/illumio/cloud-operator/internal/controller/onboarding.go:88.10,95.27 3 0
github.com/illumio/cloud-operator/internal/controller/onboarding.go:97.2,100.16 3 0
github.com/illumio/cloud-operator/internal/controller/onboarding.go:100.16,103.3 2 0
github.com/illumio/cloud-operator/internal/controller/onboarding.go:104.2,104.60 1 0
github.com/illumio/cloud-operator/internal/controller/onboarding.go:104.60,107.3 2 0
github.com/illumio/cloud-operator/internal/controller/onboarding.go:108.2,108.26 1 0
github.com/illumio/cloud-operator/internal/controller/onboarding.go:112.90,114.9 2 0
github.com/illumio/cloud-operator/internal/controller/onboarding.go:114.9,120.3 3 0
github.com/illumio/cloud-operator/internal/controller/onboarding.go:122.2,123.9 2 0
github.com/illumio/cloud-operator/internal/controller/onboarding.go:123.9,130.3 3 0
github.com/illumio/cloud-operator/internal/controller/onboarding.go:132.2,132.24 1 0
github.com/illumio/cloud-operator/internal/controller/onboarding.go:132.24,138.3 3 0
github.com/illumio/cloud-operator/internal/controller/onboarding.go:140.2,141.9 2 0
github.com/illumio/cloud-operator/internal/controller/onboarding.go:141.9,148.3 3 0
github.com/illumio/cloud-operator/internal/controller/onboarding.go:150.2,150.22 1 0
github.com/illumio/cloud-operator/internal/controller/onboarding.go:154.76,156.16 2 0
github.com/illumio/cloud-operator/internal/controller/onboarding.go:156.16,158.3 1 0
github.com/illumio/cloud-operator/internal/controller/onboarding.go:159.2,160.16 2 0
github.com/illumio/cloud-operator/internal/controller/onboarding.go:160.16,162.3 1 0
github.com/illumio/cloud-operator/internal/controller/onboarding.go:163.2,163.35 1 0
github.com/illumio/cloud-operator/internal/controller/resource_manager.go:37.151,47.16 4 0
github.com/illumio/cloud-operator/internal/controller/resource_manager.go:47.16,50.3 2 0
github.com/illumio/cloud-operator/internal/controller/resource_manager.go:52.2,53.16 2 0
github.com/illumio/cloud-operator/internal/controller/resource_manager.go:53.16,56.3 2 0
github.com/illumio/cloud-operator/internal/controller/resource_manager.go:60.139,63.16 3 0
github.com/illumio/cloud-operator/internal/controller/resource_manager.go:63.16,65.3 1 0
github.com/illumio/cloud-operator/internal/controller/resource_manager.go:66.2,66.27 1 0
github.com/illumio/cloud-operator/internal/controller/resource_manager.go:66.27,68.17 2 0
github.com/illumio/cloud-operator/internal/controller/resource_manager.go:68.17,71.4 2 0
github.com/illumio/cloud-operator/internal/controller/resource_manager.go:72.3,73.17 2 0
github.com/illumio/cloud-operator/internal/controller/resource_manager.go:73.17,76.4 2 0
github.com/illumio/cloud-operator/internal/controller/resource_manager.go:79.2,79.9 1 0
github.com/illumio/cloud-operator/internal/controller/resource_manager.go:80.20,81.17 1 0
github.com/illumio/cloud-operator/internal/controller/resource_manager.go:82.10,82.10 0 0
github.com/illumio/cloud-operator/internal/controller/resource_manager.go:84.2,84.33 1 0
github.com/illumio/cloud-operator/internal/controller/resource_manager.go:90.52,91.25 1 0
github.com/illumio/cloud-operator/internal/controller/resource_manager.go:91.25,93.3 1 0
github.com/illumio/cloud-operator/internal/controller/resource_manager.go:94.2,94.31 1 0
github.com/illumio/cloud-operator/internal/controller/resource_manager.go:94.31,96.3 1 0
github.com/illumio/cloud-operator/internal/controller/resource_manager.go:98.2,99.9 2 0
github.com/illumio/cloud-operator/internal/controller/resource_manager.go:99.9,101.3 1 0
github.com/illumio/cloud-operator/internal/controller/resource_manager.go:103.2,103.100 1 0
github.com/illumio/cloud-operator/internal/controller/resource_manager.go:109.133,117.16 4 0
github.com/illumio/cloud-operator/internal/controller/resource_manager.go:117.16,120.3 2 0
github.com/illumio/cloud-operator/internal/controller/resource_manager.go:122.2,122.6 1 0
github.com/illumio/cloud-operator/internal/controller/resource_manager.go:122.6,123.10 1 0
github.com/illumio/cloud-operator/internal/controller/resource_manager.go:124.21,128.20 2 0
github.com/illumio/cloud-operator/internal/controller/resource_manager.go:130.40,132.22 1 0
github.com/illumio/cloud-operator/internal/controller/resource_manager.go:133.21,136.15 3 0
github.com/illumio/cloud-operator/internal/controller/resource_manager.go:137.24,138.13 1 0
github.com/illumio/cloud-operator/internal/controller/resource_manager.go:139.52,139.52 0 0
github.com/illumio/cloud-operator/internal/controller/resource_manager.go:140.12,142.13 2 0
github.com/illumio/cloud-operator/internal/controller/resource_manager.go:146.4,147.18 2 0
github.com/illumio/cloud-operator/internal/controller/resource_manager.go:147.18,150.5 2 0
github.com/illumio/cloud-operator/internal/controller/resource_manager.go:151.4,153.18 3 0
github.com/illumio/cloud-operator/internal/controller/resource_manager.go:153.18,156.5 2 0
github.com/illumio/cloud-operator/internal/controller/resource_manager.go:159.4,160.18 2 0
github.com/illumio/cloud-operator/internal/controller/resource_manager.go:160.18,163.5 2 0
github.com/illumio/cloud-operator/internal/controller/resource_manager.go:169.159,171.16 2 0
github.com/illumio/cloud-operator/internal/controller/resource_manager.go:171.16,174.3 2 0
github.com/illumio/cloud-operator/internal/controller/resource_manager.go:175.2,175.35 1 0
github.com/illumio/cloud-operator/internal/controller/resource_manager.go:179.117,181.39 2 0
github.com/illumio/cloud-operator/internal/controller/resource_manager.go:181.39,183.17 2 0
github.com/illumio/cloud-operator/internal/controller/resource_manager.go:183.17,186.4 2 0
github.com/illumio/cloud-operator/internal/controller/resource_manager.go:187.3,187.46 1 0
github.com/illumio/cloud-operator/internal/controller/resource_manager.go:189.2,189.25 1 0
github.com/illumio/cloud-operator/internal/controller/resource_manager.go:194.163,196.16 2 0
github.com/illumio/cloud-operator/internal/controller/resource_manager.go:196.16,198.3 1 0
github.com/illumio/cloud-operator/internal/controller/resource_manager.go:200.2,201.16 2 0
github.com/illumio/cloud-operator/internal/controller/resource_manager.go:201.16,203.3 1 0
github.com/illumio/cloud-operator/internal/controller/resource_manager.go:205.2,205.120 1 0
github.com/illumio/cloud-operator/internal/controller/resource_manager.go:210.40,211.34 1 1
github.com/illumio/cloud-operator/internal/controller/resource_manager.go:211.34,213.3 1 1
github.com/illumio/cloud-operator/internal/controller/resource_manager.go:214.2,214.10 1 1
github.com/illumio/cloud-operator/internal/controller/streams.go:137.13,142.2 2 1
github.com/illumio/cloud-operator/internal/controller/streams.go:145.29,148.74 3 0
github.com/illumio/cloud-operator/internal/controller/streams.go:148.74,150.3 1 0
github.com/illumio/cloud-operator/internal/controller/streams.go:151.2,151.13 1 0
github.com/illumio/cloud-operator/internal/controller/streams.go:155.116,157.15 2 0
github.com/illumio/cloud-operator/internal/controller/streams.go:157.15,159.3 1 0
github.com/illumio/cloud-operator/internal/controller/streams.go:160.2,161.16 2 0
github.com/illumio/cloud-operator/internal/controller/streams.go:161.16,164.3 2 0
github.com/illumio/cloud-operator/internal/controller/streams.go:166.2,167.16 2 0
github.com/illumio/cloud-operator/internal/controller/streams.go:167.16,170.3 2 0
github.com/illumio/cloud-operator/internal/controller/streams.go:172.2,173.16 2 0
github.com/illumio/cloud-operator/internal/controller/streams.go:173.16,176.3 2 0
github.com/illumio/cloud-operator/internal/controller/streams.go:177.2,178.16 2 0
github.com/illumio/cloud-operator/internal/controller/streams.go:178.16,180.3 1 0
github.com/illumio/cloud-operator/internal/controller/streams.go:181.2,184.41 2 0
github.com/illumio/cloud-operator/internal/controller/streams.go:184.41,185.48 1 0
github.com/illumio/cloud-operator/internal/controller/streams.go:185.48,187.9 2 0
github.com/illumio/cloud-operator/internal/controller/streams.go:192.2,192.27 1 0
github.com/illumio/cloud-operator/internal/controller/streams.go:192.27,194.45 2 0
github.com/illumio/cloud-operator/internal/controller/streams.go:194.45,196.4 1 0
github.com/illumio/cloud-operator/internal/controller/streams.go:198.2,210.16 7 0
github.com/illumio/cloud-operator/internal/controller/streams.go:210.16,213.3 2 0
github.com/illumio/cloud-operator/internal/controller/streams.go:214.2,217.73 2 0
github.com/illumio/cloud-operator/internal/controller/streams.go:217.73,219.10 2 0
github.com/illumio/cloud-operator/internal/controller/streams.go:220.21,221.20 1 0
github.com/illumio/cloud-operator/internal/controller/streams.go:222.11,222.11 0 0
github.com/illumio/cloud-operator/internal/controller/streams.go:225.3,226.17 2 0
github.com/illumio/cloud-operator/internal/controller/streams.go:226.17,229.4 2 0
github.com/illumio/cloud-operator/internal/controller/streams.go:231.3,235.5 1 0
github.com/illumio/cloud-operator/internal/controller/streams.go:239.2,240.16 2 0
github.com/illumio/cloud-operator/internal/controller/streams.go:240.16,243.3 2 0
github.com/illumio/cloud-operator/internal/controller/streams.go:244.2,247.37 2 0
github.com/illumio/cloud-operator/internal/controller/streams.go:247.37,248.29 1 0
github.com/illumio/cloud-operator/internal/controller/streams.go:248.29,250.4 1 0
github.com/illumio/cloud-operator/internal/controller/streams.go:253.2,258.18 5 0
github.com/illumio/cloud-operator/internal/controller/streams.go:262.84,266.12 3 0
github.com/illumio/cloud-operator/internal/controller/streams.go:266.12,267.7 1 0
github.com/illumio/cloud-operator/internal/controller/streams.go:267.7,269.21 2 0
github.com/illumio/cloud-operator/internal/controller/streams.go:269.21,273.5 3 0
github.com/illumio/cloud-operator/internal/controller/streams.go:274.4,274.18 1 0
github.com/illumio/cloud-operator/internal/controller/streams.go:274.18,278.5 3 0
github.com/illumio/cloud-operator/internal/controller/streams.go:282.2,282.9 1 0
github.com/illumio/cloud-operator/internal/controller/streams.go:283.20,284.19 1 0
github.com/illumio/cloud-operator/internal/controller/streams.go:285.22,286.17 1 0
github.com/illumio/cloud-operator/internal/controller/streams.go:286.17,288.4 1 0
github.com/illumio/cloud-operator/internal/controller/streams.go:290.2,290.12 1 0
github.com/illumio/cloud-operator/internal/controller/streams.go:294.100,298.12 3 0
github.com/illumio/cloud-operator/internal/controller/streams.go:298.12,299.7 1 0
github.com/illumio/cloud-operator/internal/controller/streams.go:299.7,301.21 2 0
github.com/illumio/cloud-operator/internal/controller/streams.go:301.21,305.5 3 0
github.com/illumio/cloud-operator/internal/controller/streams.go:306.4,306.18 1 0
github.com/illumio/cloud-operator/internal/controller/streams.go:306.18,310.5 3 0
github.com/illumio/cloud-operator/internal/controller/streams.go:313.4,313.42 1 0
github.com/illumio/cloud-operator/internal/controller/streams.go:314.65,318.78 2 0
github.com/illumio/cloud-operator/internal/controller/streams.go:319.12,320.84 1 0
github.com/illumio/cloud-operator/internal/controller/streams.go:325.2,325.9 1 0
github.com/illumio/cloud-operator/internal/controller/streams.go:326.20,327.19 1 0
github.com/illumio/cloud-operator/internal/controller/streams.go:328.22,329.17 1 0
github.com/illumio/cloud-operator/internal/controller/streams.go:329.17,331.4 1 0
github.com/illumio/cloud-operator/internal/controller/streams.go:333.2,333.12 1 0
github.com/illumio/cloud-operator/internal/controller/streams.go:337.128,340.16 2 0
github.com/illumio/cloud-operator/internal/controller/streams.go:340.16,342.3 1 0
github.com/illumio/cloud-operator/internal/controller/streams.go:343.2,343.28 1 0
github.com/illumio/cloud-operator/internal/controller/streams.go:347.122,350.32 2 0
github.com/illumio/cloud-operator/internal/controller/streams.go:350.32,353.3 2 0
github.com/illumio/cloud-operator/internal/controller/streams.go:353.8,354.7 1 0
github.com/illumio/cloud-operator/internal/controller/streams.go:354.7,356.18 2 0
github.com/illumio/cloud-operator/internal/controller/streams.go:356.18,360.5 3 0
github.com/illumio/cloud-operator/internal/controller/streams.go:366.97,367.6 1 0
github.com/illumio/cloud-operator/internal/controller/streams.go:367.6,368.10 1 0
github.com/illumio/cloud-operator/internal/controller/streams.go:369.21,370.20 1 0
github.com/illumio/cloud-operator/internal/controller/streams.go:371.54,372.40 1 0
github.com/illumio/cloud-operator/internal/controller/streams.go:372.40,373.13 1 0
github.com/illumio/cloud-operator/internal/controller/streams.go:377.4,378.22 2 0
github.com/illumio/cloud-operator/internal/controller/streams.go:378.22,379.13 1 0
github.com/illumio/cloud-operator/internal/controller/streams.go:382.4,383.33 2 0
github.com/illumio/cloud-operator/internal/controller/streams.go:383.33,387.13 1 0
github.com/illumio/cloud-operator/internal/controller/streams.go:388.10,388.25 1 0
github.com/illumio/cloud-operator/internal/controller/streams.go:388.25,391.5 2 0
github.com/illumio/cloud-operator/internal/controller/streams.go:392.4,393.18 2 0
github.com/illumio/cloud-operator/internal/controller/streams.go:393.18,396.5 2 0
github.com/illumio/cloud-operator/internal/controller/streams.go:408.9,412.6 3 0
github.com/illumio/cloud-operator/internal/controller/streams.go:412.6,413.10 1 0
github.com/illumio/cloud-operator/internal/controller/streams.go:414.18,416.18 2 0
github.com/illumio/cloud-operator/internal/controller/streams.go:416.18,418.5 1 0
github.com/illumio/cloud-operator/internal/controller/streams.go:419.4,419.41 1 0
github.com/illumio/cloud-operator/internal/controller/streams.go:420.21,421.20 1 0
github.com/illumio/cloud-operator/internal/controller/streams.go:429.118,434.16 4 0
github.com/illumio/cloud-operator/internal/controller/streams.go:434.16,437.3 2 0
github.com/illumio/cloud-operator/internal/controller/streams.go:438.2,440.12 2 0
github.com/illumio/cloud-operator/internal/controller/streams.go:440.12,442.17 2 0
github.com/illumio/cloud-operator/internal/controller/streams.go:442.17,444.4 1 0
github.com/illumio/cloud-operator/internal/controller/streams.go:445.3,445.17 1 0
github.com/illumio/cloud-operator/internal/controller/streams.go:448.2,449.16 2 0
github.com/illumio/cloud-operator/internal/controller/streams.go:449.16,450.79 1 0
github.com/illumio/cloud-operator/internal/controller/streams.go:450.79,453.4 2 0
github.com/illumio/cloud-operator/internal/controller/streams.go:454.3,454.13 1 0
github.com/illumio/cloud-operator/internal/controller/streams.go:457.2,457.12 1 0
github.com/illumio/cloud-operator/internal/controller/streams.go:463.117,468.16 4 0
github.com/illumio/cloud-operator/internal/controller/streams.go:468.16,471.3 2 0
github.com/illumio/cloud-operator/internal/controller/streams.go:472.2,474.12 2 0
github.com/illumio/cloud-operator/internal/controller/streams.go:474.12,476.17 2 0
github.com/illumio/cloud-operator/internal/controller/streams.go:476.17,478.4 1 0
github.com/illumio/cloud-operator/internal/controller/streams.go:479.3,479.16 1 0
github.com/illumio/cloud-operator/internal/controller/streams.go:482.2,483.16 2 0
github.com/illumio/cloud-operator/internal/controller/streams.go:483.16,486.3 2 0
github.com/illumio/cloud-operator/internal/controller/streams.go:488.2,488.12 1 0
github.com/illumio/cloud-operator/internal/controller/streams.go:494.109,499.16 4 0
github.com/illumio/cloud-operator/internal/controller/streams.go:499.16,502.3 2 0
github.com/illumio/cloud-operator/internal/controller/streams.go:503.2,505.12 2 0
github.com/illumio/cloud-operator/internal/controller/streams.go:505.12,507.17 2 0
github.com/illumio/cloud-operator/internal/controller/streams.go:507.17,509.4 1 0
github.com/illumio/cloud-operator/internal/controller/streams.go:510.3,510.19 1 0
github.com/illumio/cloud-operator/internal/controller/streams.go:513.2,514.16 2 0
github.com/illumio/cloud-operator/internal/controller/streams.go:514.16,517.3 2 0
github.com/illumio/cloud-operator/internal/controller/streams.go:519.2,519.12 1 0
github.com/illumio/cloud-operator/internal/controller/streams.go:524.104,529.16 4 0
github.com/illumio/cloud-operator/internal/controller/streams.go:529.16,532.3 2 0
github.com/illumio/cloud-operator/internal/controller/streams.go:533.2,536.12 3 0
github.com/illumio/cloud-operator/internal/controller/streams.go:536.12,538.17 2 0
github.com/illumio/cloud-operator/internal/controller/streams.go:538.17,540.4 1 0
github.com/illumio/cloud-operator/internal/controller/streams.go:541.3,541.14 1 0
github.com/illumio/cloud-operator/internal/controller/streams.go:544.2,545.16 2 0
github.com/illumio/cloud-operator/internal/controller/streams.go:545.16,548.3 2 0
github.com/illumio/cloud-operator/internal/controller/streams.go:550.2,550.12 1 0
github.com/illumio/cloud-operator/internal/controller/streams.go:554.120,559.16 4 0
github.com/illumio/cloud-operator/internal/controller/streams.go:559.16,562.3 2 0
github.com/illumio/cloud-operator/internal/controller/streams.go:563.2,565.12 2 0
github.com/illumio/cloud-operator/internal/controller/streams.go:565.12,567.17 2 0
github.com/illumio/cloud-operator/internal/controller/streams.go:567.17,569.4 1 0
github.com/illumio/cloud-operator/internal/controller/streams.go:570.3,570.17 1 0
github.com/illumio/cloud-operator/internal/controller/streams.go:573.2,574.16 2 0
github.com/illumio/cloud-operator/internal/controller/streams.go:574.16,577.3 2 0
github.com/illumio/cloud-operator/internal/controller/streams.go:578.2,578.12 1 0
github.com/illumio/cloud-operator/internal/controller/streams.go:588.3,591.20 2 0
github.com/illumio/cloud-operator/internal/controller/streams.go:591.20,593.3 1 0
github.com/illumio/cloud-operator/internal/controller/streams.go:596.2,596.34 1 0
github.com/illumio/cloud-operator/internal/controller/streams.go:596.34,608.3 1 0
github.com/illumio/cloud-operator/internal/controller/streams.go:614.2,614.42 1 0
github.com/illumio/cloud-operator/internal/controller/streams.go:614.42,628.3 1 0
github.com/illumio/cloud-operator/internal/controller/streams.go:630.2,631.16 2 0
github.com/illumio/cloud-operator/internal/controller/streams.go:631.16,634.3 2 0
github.com/illumio/cloud-operator/internal/controller/streams.go:639.133,645.12 3 0
github.com/illumio/cloud-operator/internal/controller/streams.go:645.12,646.7 1 0
github.com/illumio/cloud-operator/internal/controller/streams.go:646.7,649.18 2 0
github.com/illumio/cloud-operator/internal/controller/streams.go:649.18,651.5 1 0
github.com/illumio/cloud-operator/internal/controller/streams.go:654.4,658.49 4 0
github.com/illumio/cloud-operator/internal/controller/streams.go:658.49,662.5 2 0
github.com/illumio/cloud-operator/internal/controller/streams.go:673.2,678.6 3 0
github.com/illumio/cloud-operator/internal/controller/streams.go:678.6,683.10 4 0
github.com/illumio/cloud-operator/internal/controller/streams.go:684.21,686.10 2 0
github.com/illumio/cloud-operator/internal/controller/streams.go:687.23,690.18 3 0
github.com/illumio/cloud-operator/internal/controller/streams.go:690.18,696.10 5 0
github.com/illumio/cloud-operator/internal/controller/streams.go:699.4,712.34 4 0
github.com/illumio/cloud-operator/internal/controller/streams.go:712.34,715.5 2 0
github.com/illumio/cloud-operator/internal/controller/streams.go:715.10,718.5 2 0
github.com/illumio/cloud-operator/internal/controller/streams.go:720.4,752.50 9 0
github.com/illumio/cloud-operator/internal/controller/streams.go:752.50,761.5 2 0
github.com/illumio/cloud-operator/internal/controller/streams.go:763.4,763.49 1 0
github.com/illumio/cloud-operator/internal/controller/streams.go:763.49,772.5 2 0
github.com/illumio/cloud-operator/internal/controller/streams.go:776.4,777.11 2 0
github.com/illumio/cloud-operator/internal/controller/streams.go:778.22,779.56 1 0
github.com/illumio/cloud-operator/internal/controller/streams.go:780.21,781.55 1 0
github.com/illumio/cloud-operator/internal/controller/streams.go:782.24,783.45 1 0
github.com/illumio/cloud-operator/internal/controller/streams.go:784.19,785.40 1 0
github.com/illumio/cloud-operator/internal/controller/streams.go:786.22,787.57 1 0
github.com/illumio/cloud-operator/internal/controller/streams.go:789.4,789.26 1 0
github.com/illumio/cloud-operator/internal/controller/streams.go:791.3,794.4 1 0
github.com/illumio/cloud-operator/internal/controller/streams.go:799.158,803.54 3 0
github.com/illumio/cloud-operator/internal/controller/streams.go:803.54,805.3 1 0
github.com/illumio/cloud-operator/internal/controller/streams.go:805.8,805.23 1 0
github.com/illumio/cloud-operator/internal/controller/streams.go:805.23,807.3 1 0
github.com/illumio/cloud-operator/internal/controller/streams.go:812.2,812.42 1 0
github.com/illumio/cloud-operator/internal/controller/streams.go:812.42,814.17 2 0
github.com/illumio/cloud-operator/internal/controller/streams.go:814.17,816.4 1 0
github.com/illumio/cloud-operator/internal/controller/streams.go:817.3,818.17 2 0
github.com/illumio/cloud-operator/internal/controller/streams.go:818.17,821.4 2 0
github.com/illumio/cloud-operator/internal/controller/streams.go:822.3,823.17 2 0
github.com/illumio/cloud-operator/internal/controller/streams.go:823.17,825.4 1 0
github.com/illumio/cloud-operator/internal/controller/streams.go:831.3,833.35 3 0
github.com/illumio/cloud-operator/internal/controller/streams.go:833.35,835.56 2 0
github.com/illumio/cloud-operator/internal/controller/streams.go:835.56,837.5 1 0
github.com/illumio/cloud-operator/internal/controller/streams.go:838.4,838.44 1 0
github.com/illumio/cloud-operator/internal/controller/streams.go:838.44,840.10 2 0
github.com/illumio/cloud-operator/internal/controller/streams.go:842.4,842.28 1 0
github.com/illumio/cloud-operator/internal/controller/streams.go:844.3,844.17 1 0
github.com/illumio/cloud-operator/internal/controller/streams.go:844.17,847.4 2 0
github.com/illumio/cloud-operator/internal/controller/streams.go:849.2,850.16 2 0
github.com/illumio/cloud-operator/internal/controller/streams.go:850.16,853.3 2 0
github.com/illumio/cloud-operator/internal/controller/streams.go:855.2,857.26 2 0
github.com/illumio/cloud-operator/internal/controller/streams.go:867.73,870.2 2 0
github.com/illumio/cloud-operator/internal/controller/streams_helper.go:15.117,16.69 1 0
github.com/illumio/cloud-operator/internal/controller/streams_helper.go:16.69,19.3 2 0
github.com/illumio/cloud-operator/internal/controller/streams_helper.go:20.2,20.12 1 0
github.com/illumio/cloud-operator/internal/controller/streams_helper.go:25.102,32.2 2 0
github.com/illumio/cloud-operator/internal/controller/streams_helper.go:35.93,38.26 2 0
github.com/illumio/cloud-operator/internal/controller/streams_helper.go:39.21,44.4 1 0
github.com/illumio/cloud-operator/internal/controller/streams_helper.go:45.22,50.4 1 0
github.com/illumio/cloud-operator/internal/controller/streams_helper.go:51.10,52.55 1 0
github.com/illumio/cloud-operator/internal/controller/streams_helper.go:54.2,54.73 1 0
github.com/illumio/cloud-operator/internal/controller/streams_helper.go:54.73,57.3 2 0
github.com/illumio/cloud-operator/internal/controller/streams_helper.go:58.2,58.12 1 0
github.com/illumio/cloud-operator/internal/controller/streams_helper.go:65.139,67.19 2 0
github.com/illumio/cloud-operator/internal/controller/streams_helper.go:68.19,73.4 1 0
github.com/illumio/cloud-operator/internal/controller/streams_helper.go:74.21,79.4 1 0
github.com/illumio/cloud-operator/internal/controller/streams_helper.go:80.22,85.4 1 0
github.com/illumio/cloud-operator/internal/controller/streams_helper.go:87.2,92.49 2 0
github.com/illumio/cloud-operator/internal/controller/streams_helper.go:96.93,98.16 2 0
github.com/illumio/cloud-operator/internal/controller/streams_helper.go:98.16,101.3 2 0
github.com/illumio/cloud-operator/internal/controller/streams_helper.go:102.2,103.16 2 0
github.com/illumio/cloud-operator/internal/controller/streams_helper.go:103.16,106.3 2 0
github.com/illumio/cloud-operator/internal/controller/streams_helper.go:107.2,108.16 2 0
github.com/illumio/cloud-operator/internal/controller/streams_helper.go:108.16,111.3 2 0
github.com/illumio/cloud-operator/internal/controller/streams_helper.go:112.2,122.49 2 0
github.com/illumio/cloud-operator/internal/controller/streams_helper.go:126.81,131.2 2 0
github.com/illumio/cloud-operator/internal/controller/streams_helper.go:134.81,137.12 2 0
github.com/illumio/cloud-operator/internal/controller/streams_helper.go:138.28,143.5 1 0
github.com/illumio/cloud-operator/internal/controller/streams_helper.go:144.24,149.5 1 0
github.com/illumio/cloud-operator/internal/controller/streams_helper.go:150.19,155.5 1 0
github.com/illumio/cloud-operator/internal/controller/streams_helper.go:156.28,161.5 1 0
github.com/illumio/cloud-operator/internal/controller/streams_helper.go:162.10,163.55 1 0
github.com/illumio/cloud-operator/internal/controller/streams_helper.go:166.2,166.16 1 0
github.com/illumio/cloud-operator/internal/controller/streams_helper.go:166.16,169.3 2 0
github.com/illumio/cloud-operator/internal/controller/streams_helper.go:170.2,170.12 1 0
github.com/illumio/cloud-operator/internal/controller/streams_retry.go:29.72,36.2 6 1
github.com/illumio/cloud-operator/internal/controller/streams_retry.go:49.62,50.19 1 1
github.com/illumio/cloud-operator/internal/controller/streams_retry.go:50.19,52.3 1 1
github.com/illumio/cloud-operator/internal/controller/streams_retry.go:53.2,53.19 1 1
github.com/illumio/cloud-operator/internal/controller/streams_retry.go:53.19,55.3 1 1
github.com/illumio/cloud-operator/internal/controller/streams_retry.go:56.2,56.12 1 1
github.com/illumio/cloud-operator/internal/controller/streams_retry.go:66.64,76.22 3 0
github.com/illumio/cloud-operator/internal/controller/streams_retry.go:76.22,80.17 3 0
github.com/illumio/cloud-operator/internal/controller/streams_retry.go:80.17,82.12 2 0
github.com/illumio/cloud-operator/internal/controller/streams_retry.go:92.3,92.44 1 0
github.com/illumio/cloud-operator/internal/controller/streams_retry.go:92.44,93.64 1 0
github.com/illumio/cloud-operator/internal/controller/streams_retry.go:93.64,95.5 1 0
github.com/illumio/cloud-operator/internal/controller/streams_retry.go:99.3,101.15 3 0
github.com/illumio/cloud-operator/internal/controller/streams_retry.go:101.15,103.4 1 0
github.com/illumio/cloud-operator/internal/controller/streams_retry.go:104.3,110.16 2 0
github.com/illumio/cloud-operator/internal/controller/streams_retry.go:110.16,112.12 2 0
github.com/illumio/cloud-operator/internal/controller/streams_retry.go:115.3,116.62 2 0
github.com/illumio/cloud-operator/internal/controller/streams_retry.go:120.2,120.48 1 0
github.com/illumio/cloud-operator/internal/controller/streams_retry.go:123.39,124.18 1 0
github.com/illumio/cloud-operator/internal/controller/streams_retry.go:124.18,132.3 6 0
github.com/illumio/cloud-operator/internal/controller/streams_retry.go:135.41,138.2 2 0
github.com/illumio/cloud-operator/internal/controller/streams_retry.go:140.43,143.2 2 0
github.com/illumio/cloud-operator/internal/controller/streams_retry.go:145.43,148.2 2 0
github.com/illumio/cloud-operator/internal/controller/streams_retry.go:150.32,154.2 3 0
